{"meta": {"format": 3, "version": "7.10.7", "timestamp": "2026-01-13T00:02:04.749089", "branch_coverage": false, "show_contexts": false}, "files": {"penguiflow/__init__.py": {"executed_lines": [1, 3, 5, 6, 15, 16, 17, 25, 26, 27, 28, 29, 30, 31, 32, 39, 40, 41, 48, 57, 62, 63, 64, 72, 73, 74, 75, 81, 82, 84, 183], "summary": {"covered_lines": 30, "num_statements": 30, "percent_covered": 100.0, "percent_covered_display": "100.0", "missing_lines": 0, "excluded_lines": 0}, "missing_lines": [], "excluded_lines": [], "functions": {"": {"executed_lines": [1, 3, 5, 6, 15, 16, 17, 25, 26, 27, 28, 29, 30, 31, 32, 39, 40, 41, 48, 57, 62, 63, 64, 72, 73, 74, 75, 81, 82, 84, 183], "summary": {"covered_lines": 30, "num_statements": 30, "percent_covered": 100.0, "percent_covered_display": "100.0", "missing_lines": 0, "excluded_lines": 0}, "missing_lines": [], "excluded_lines": []}}, "classes": {"": {"executed_lines": [1, 3, 5, 6, 15, 16, 17, 25, 26, 27, 28, 29, 30, 31, 32, 39, 40, 41, 48, 57, 62, 63, 64, 72, 73, 74, 75, 81, 82, 84, 183], "summary": {"covered_lines": 30, "num_statements": 30, "percent_covered": 100.0, "percent_covered_display": "100.0", "missing_lines": 0, "excluded_lines": 0}, "missing_lines": [], "excluded_lines": []}}}, "penguiflow/admin.py": {"executed_lines": [1, 3, 5, 6, 7, 8, 9, 10, 11, 13, 15, 18, 19, 20, 21, 22, 23, 26, 27, 28, 29, 30, 31, 32, 35, 36, 37, 40, 43, 44, 45, 46, 47, 48, 50, 53, 54, 55, 56, 57, 58, 59, 62, 65, 66, 67, 68, 69, 70, 71, 72, 73, 74, 75, 78, 79, 80, 81, 82, 85, 86, 87, 88, 89, 92, 93, 94, 95, 96, 100, 101, 105, 106, 111, 117, 119, 124, 125, 127, 132, 133, 139, 141, 144, 147, 148, 149, 150, 154, 155, 159, 162], "summary": {"covered_lines": 88, "num_statements": 91, "percent_covered": 96.7032967032967, "percent_covered_display": "96.7", "missing_lines": 3, "excluded_lines": 12}, "missing_lines": [90, 91, 97], "excluded_lines": [33, 34, 48, 49, 150, 151, 152, 156, 157, 158, 162, 163], "functions": {"_resolve_factory": {"executed_lines": [27, 28, 29, 30, 31, 32, 35, 36, 37], "summary": {"covered_lines": 9, "num_statements": 9, "percent_covered": 100.0, "percent_covered_display": "100.0", "missing_lines": 0, "excluded_lines": 2}, "missing_lines": [], "excluded_lines": [33, 34]}, "load_state_store": {"executed_lines": [43, 44, 45, 46, 47, 48, 50], "summary": {"covered_lines": 6, "num_statements": 6, "percent_covered": 100.0, "percent_covered_display": "100.0", "missing_lines": 0, "excluded_lines": 2}, "missing_lines": [], "excluded_lines": [48, 49]}, "_trim_events": {"executed_lines": [54, 55, 56, 57, 58, 59], "summary": {"covered_lines": 6, "num_statements": 6, "percent_covered": 100.0, "percent_covered_display": "100.0", "missing_lines": 0, "excluded_lines": 0}, "missing_lines": [], "excluded_lines": []}, "render_events": {"executed_lines": [65, 66, 67, 68, 69, 70, 71, 72, 73, 74, 75], "summary": {"covered_lines": 11, "num_statements": 11, "percent_covered": 100.0, "percent_covered_display": "100.0", "missing_lines": 0, "excluded_lines": 0}, "missing_lines": [], "excluded_lines": []}, "_cmd_history": {"executed_lines": [79, 80, 81, 82], "summary": {"covered_lines": 4, "num_statements": 4, "percent_covered": 100.0, "percent_covered_display": "100.0", "missing_lines": 0, "excluded_lines": 0}, "missing_lines": [], "excluded_lines": []}, "_cmd_replay": {"executed_lines": [86, 87, 88, 89, 92, 93, 94, 95, 96], "summary": {"covered_lines": 9, "num_statements": 12, "percent_covered": 75.0, "percent_covered_display": "75.0", "missing_lines": 3, "excluded_lines": 0}, "missing_lines": [90, 91, 97], "excluded_lines": []}, "_build_parser": {"executed_lines": [101, 105, 106, 111, 117, 119, 124, 125, 127, 132, 133, 139, 141], "summary": {"covered_lines": 13, "num_statements": 13, "percent_covered": 100.0, "percent_covered_display": "100.0", "missing_lines": 0, "excluded_lines": 0}, "missing_lines": [], "excluded_lines": []}, "main": {"executed_lines": [147, 148, 149, 150, 154, 155, 159], "summary": {"covered_lines": 6, "num_statements": 6, "percent_covered": 100.0, "percent_covered_display": "100.0", "missing_lines": 0, "excluded_lines": 6}, "missing_lines": [], "excluded_lines": [150, 151, 152, 156, 157, 158]}, "": {"executed_lines": [1, 3, 5, 6, 7, 8, 9, 10, 11, 13, 15, 18, 19, 20, 21, 22, 23, 26, 40, 53, 62, 78, 85, 100, 144, 162], "summary": {"covered_lines": 24, "num_statements": 24, "percent_covered": 100.0, "percent_covered_display": "100.0", "missing_lines": 0, "excluded_lines": 2}, "missing_lines": [], "excluded_lines": [162, 163]}}, "classes": {"_Args": {"executed_lines": [], "summary": {"covered_lines": 0, "num_statements": 0, "percent_covered": 100.0, "percent_covered_display": "100.0", "missing_lines": 0, "excluded_lines": 0}, "missing_lines": [], "excluded_lines": []}, "": {"executed_lines": [1, 3, 5, 6, 7, 8, 9, 10, 11, 13, 15, 18, 19, 20, 21, 22, 23, 26, 27, 28, 29, 30, 31, 32, 35, 36, 37, 40, 43, 44, 45, 46, 47, 48, 50, 53, 54, 55, 56, 57, 58, 59, 62, 65, 66, 67, 68, 69, 70, 71, 72, 73, 74, 75, 78, 79, 80, 81, 82, 85, 86, 87, 88, 89, 92, 93, 94, 95, 96, 100, 101, 105, 106, 111, 117, 119, 124, 125, 127, 132, 133, 139, 141, 144, 147, 148, 149, 150, 154, 155, 159, 162], "summary": {"covered_lines": 88, "num_statements": 91, "percent_covered": 96.7032967032967, "percent_covered_display": "96.7", "missing_lines": 3, "excluded_lines": 12}, "missing_lines": [90, 91, 97], "excluded_lines": [33, 34, 48, 49, 150, 151, 152, 156, 157, 158, 162, 163]}}}, "penguiflow/agui_adapter/__init__.py": {"executed_lines": [1, 3, 4, 5, 7], "summary": {"covered_lines": 4, "num_statements": 4, "percent_covered": 100.0, "percent_covered_display": "100.0", "missing_lines": 0, "excluded_lines": 0}, "missing_lines": [], "excluded_lines": [], "functions": {"": {"executed_lines": [1, 3, 4, 5, 7], "summary": {"covered_lines": 4, "num_statements": 4, "percent_covered": 100.0, "percent_covered_display": "100.0", "missing_lines": 0, "excluded_lines": 0}, "missing_lines": [], "excluded_lines": []}}, "classes": {"": {"executed_lines": [1, 3, 4, 5, 7], "summary": {"covered_lines": 4, "num_statements": 4, "percent_covered": 100.0, "percent_covered_display": "100.0", "missing_lines": 0, "excluded_lines": 0}, "missing_lines": [], "excluded_lines": []}}}, "penguiflow/agui_adapter/base.py": {"executed_lines": [1, 3, 5, 6, 7, 8, 9, 11, 32, 52, 54, 55, 58, 59, 61, 62, 63, 64, 65, 66, 68, 69, 73, 81, 82, 84, 85, 91, 97, 98, 100, 101, 104, 105, 107, 112, 114, 117, 122, 124, 125, 126, 127, 128, 130, 136, 137, 138, 144, 146, 147, 148, 154, 156, 158, 159, 164, 170, 177, 179, 185, 187, 192, 199, 200, 202, 210, 217, 224, 228, 232, 234, 235, 241, 243, 244, 245, 251, 253], "summary": {"covered_lines": 77, "num_statements": 85, "percent_covered": 90.58823529411765, "percent_covered_display": "90.6", "missing_lines": 8, "excluded_lines": 1}, "missing_lines": [92, 115, 157, 201, 212, 219, 226, 230], "excluded_lines": [71], "functions": {"generate_id": {"executed_lines": [54, 55], "summary": {"covered_lines": 2, "num_statements": 2, "percent_covered": 100.0, "percent_covered_display": "100.0", "missing_lines": 0, "excluded_lines": 0}, "missing_lines": [], "excluded_lines": []}, "AGUIAdapter.__init__": {"executed_lines": [62, 63, 64, 65, 66], "summary": {"covered_lines": 5, "num_statements": 5, "percent_covered": 100.0, "percent_covered_display": "100.0", "missing_lines": 0, "excluded_lines": 0}, "missing_lines": [], "excluded_lines": []}, "AGUIAdapter.run": {"executed_lines": [], "summary": {"covered_lines": 0, "num_statements": 0, "percent_covered": 100.0, "percent_covered_display": "100.0", "missing_lines": 0, "excluded_lines": 1}, "missing_lines": [], "excluded_lines": [71]}, "AGUIAdapter.with_run_lifecycle": {"executed_lines": [81, 82, 84, 85, 91, 97, 98, 100, 101, 104, 105, 107, 112, 114, 117, 122, 124, 125, 126, 127, 128], "summary": {"covered_lines": 21, "num_statements": 23, "percent_covered": 91.30434782608695, "percent_covered_display": "91.3", "missing_lines": 2, "excluded_lines": 0}, "missing_lines": [92, 115], "excluded_lines": []}, "AGUIAdapter.text_start": {"executed_lines": [136, 137, 138], "summary": {"covered_lines": 3, "num_statements": 3, "percent_covered": 100.0, "percent_covered_display": "100.0", "missing_lines": 0, "excluded_lines": 0}, "missing_lines": [], "excluded_lines": []}, "AGUIAdapter.text_content": {"executed_lines": [146, 147, 148], "summary": {"covered_lines": 3, "num_statements": 3, "percent_covered": 100.0, "percent_covered_display": "100.0", "missing_lines": 0, "excluded_lines": 0}, "missing_lines": [], "excluded_lines": []}, "AGUIAdapter.text_end": {"executed_lines": [156, 158, 159], "summary": {"covered_lines": 3, "num_statements": 4, "percent_covered": 75.0, "percent_covered_display": "75.0", "missing_lines": 1, "excluded_lines": 0}, "missing_lines": [157], "excluded_lines": []}, "AGUIAdapter.tool_start": {"executed_lines": [170], "summary": {"covered_lines": 1, "num_statements": 1, "percent_covered": 100.0, "percent_covered_display": "100.0", "missing_lines": 0, "excluded_lines": 0}, "missing_lines": [], "excluded_lines": []}, "AGUIAdapter.tool_args": {"executed_lines": [179], "summary": {"covered_lines": 1, "num_statements": 1, "percent_covered": 100.0, "percent_covered_display": "100.0", "missing_lines": 0, "excluded_lines": 0}, "missing_lines": [], "excluded_lines": []}, "AGUIAdapter.tool_end": {"executed_lines": [187], "summary": {"covered_lines": 1, "num_statements": 1, "percent_covered": 100.0, "percent_covered_display": "100.0", "missing_lines": 0, "excluded_lines": 0}, "missing_lines": [], "excluded_lines": []}, "AGUIAdapter.tool_result": {"executed_lines": [199, 200, 202], "summary": {"covered_lines": 3, "num_statements": 4, "percent_covered": 75.0, "percent_covered_display": "75.0", "missing_lines": 1, "excluded_lines": 0}, "missing_lines": [201], "excluded_lines": []}, "AGUIAdapter.state_snapshot": {"executed_lines": [], "summary": {"covered_lines": 0, "num_statements": 1, "percent_covered": 0.0, "percent_covered_display": "0.0", "missing_lines": 1, "excluded_lines": 0}, "missing_lines": [212], "excluded_lines": []}, "AGUIAdapter.state_delta": {"executed_lines": [], "summary": {"covered_lines": 0, "num_statements": 1, "percent_covered": 0.0, "percent_covered_display": "0.0", "missing_lines": 1, "excluded_lines": 0}, "missing_lines": [219], "excluded_lines": []}, "AGUIAdapter.state_set": {"executed_lines": [], "summary": {"covered_lines": 0, "num_statements": 1, "percent_covered": 0.0, "percent_covered_display": "0.0", "missing_lines": 1, "excluded_lines": 0}, "missing_lines": [226], "excluded_lines": []}, "AGUIAdapter.state_add": {"executed_lines": [], "summary": {"covered_lines": 0, "num_statements": 1, "percent_covered": 0.0, "percent_covered_display": "0.0", "missing_lines": 1, "excluded_lines": 0}, "missing_lines": [230], "excluded_lines": []}, "AGUIAdapter.step_start": {"executed_lines": [234, 235], "summary": {"covered_lines": 2, "num_statements": 2, "percent_covered": 100.0, "percent_covered_display": "100.0", "missing_lines": 0, "excluded_lines": 0}, "missing_lines": [], "excluded_lines": []}, "AGUIAdapter.step_end": {"executed_lines": [243, 244, 245], "summary": {"covered_lines": 3, "num_statements": 3, "percent_covered": 100.0, "percent_covered_display": "100.0", "missing_lines": 0, "excluded_lines": 0}, "missing_lines": [], "excluded_lines": []}, "AGUIAdapter.custom": {"executed_lines": [253], "summary": {"covered_lines": 1, "num_statements": 1, "percent_covered": 100.0, "percent_covered_display": "100.0", "missing_lines": 0, "excluded_lines": 0}, "missing_lines": [], "excluded_lines": []}, "": {"executed_lines": [1, 3, 5, 6, 7, 8, 9, 11, 32, 52, 58, 59, 61, 68, 69, 73, 130, 144, 154, 164, 177, 185, 192, 210, 217, 224, 228, 232, 241, 251], "summary": {"covered_lines": 28, "num_statements": 28, "percent_covered": 100.0, "percent_covered_display": "100.0", "missing_lines": 0, "excluded_lines": 0}, "missing_lines": [], "excluded_lines": []}}, "classes": {"AGUIAdapter": {"executed_lines": [62, 63, 64, 65, 66, 81, 82, 84, 85, 91, 97, 98, 100, 101, 104, 105, 107, 112, 114, 117, 122, 124, 125, 126, 127, 128, 136, 137, 138, 146, 147, 148, 156, 158, 159, 170, 179, 187, 199, 200, 202, 234, 235, 243, 244, 245, 253], "summary": {"covered_lines": 47, "num_statements": 55, "percent_covered": 85.45454545454545, "percent_covered_display": "85.5", "missing_lines": 8, "excluded_lines": 1}, "missing_lines": [92, 115, 157, 201, 212, 219, 226, 230], "excluded_lines": [71]}, "": {"executed_lines": [1, 3, 5, 6, 7, 8, 9, 11, 32, 52, 54, 55, 58, 59, 61, 68, 69, 73, 130, 144, 154, 164, 177, 185, 192, 210, 217, 224, 228, 232, 241, 251], "summary": {"covered_lines": 30, "num_statements": 30, "percent_covered": 100.0, "percent_covered_display": "100.0", "missing_lines": 0, "excluded_lines": 0}, "missing_lines": [], "excluded_lines": []}}}, "penguiflow/agui_adapter/fastapi.py": {"executed_lines": [1, 3, 5, 6, 8, 9, 10, 11, 14, 19, 20, 21, 23, 24, 25, 27, 37, 40, 47, 49, 50, 51], "summary": {"covered_lines": 21, "num_statements": 21, "percent_covered": 100.0, "percent_covered_display": "100.0", "missing_lines": 0, "excluded_lines": 0}, "missing_lines": [], "excluded_lines": [], "functions": {"create_agui_endpoint": {"executed_lines": [19, 37], "summary": {"covered_lines": 2, "num_statements": 2, "percent_covered": 100.0, "percent_covered_display": "100.0", "missing_lines": 0, "excluded_lines": 0}, "missing_lines": [], "excluded_lines": []}, "create_agui_endpoint.endpoint": {"executed_lines": [20, 21, 23, 27], "summary": {"covered_lines": 4, "num_statements": 4, "percent_covered": 100.0, "percent_covered_display": "100.0", "missing_lines": 0, "excluded_lines": 0}, "missing_lines": [], "excluded_lines": []}, "create_agui_endpoint.endpoint.stream": {"executed_lines": [24, 25], "summary": {"covered_lines": 2, "num_statements": 2, "percent_covered": 100.0, "percent_covered_display": "100.0", "missing_lines": 0, "excluded_lines": 0}, "missing_lines": [], "excluded_lines": []}, "add_agui_route": {"executed_lines": [47, 49, 50], "summary": {"covered_lines": 3, "num_statements": 3, "percent_covered": 100.0, "percent_covered_display": "100.0", "missing_lines": 0, "excluded_lines": 0}, "missing_lines": [], "excluded_lines": []}, "add_agui_route.agui_route": {"executed_lines": [51], "summary": {"covered_lines": 1, "num_statements": 1, "percent_covered": 100.0, "percent_covered_display": "100.0", "missing_lines": 0, "excluded_lines": 0}, "missing_lines": [], "excluded_lines": []}, "": {"executed_lines": [1, 3, 5, 6, 8, 9, 10, 11, 14, 40], "summary": {"covered_lines": 9, "num_statements": 9, "percent_covered": 100.0, "percent_covered_display": "100.0", "missing_lines": 0, "excluded_lines": 0}, "missing_lines": [], "excluded_lines": []}}, "classes": {"": {"executed_lines": [1, 3, 5, 6, 8, 9, 10, 11, 14, 19, 20, 21, 23, 24, 25, 27, 37, 40, 47, 49, 50, 51], "summary": {"covered_lines": 21, "num_statements": 21, "percent_covered": 100.0, "percent_covered_display": "100.0", "missing_lines": 0, "excluded_lines": 0}, "missing_lines": [], "excluded_lines": []}}}, "penguiflow/agui_adapter/penguiflow.py": {"executed_lines": [1, 3, 5, 6, 7, 8, 9, 10, 11, 13, 15, 17, 18, 19, 20, 21, 22, 24, 26, 29, 30, 31, 32, 35, 36, 38, 46, 47, 48, 49, 50, 51, 53, 54, 55, 57, 58, 61, 62, 63, 65, 66, 70, 71, 72, 73, 75, 76, 78, 79, 80, 81, 82, 83, 84, 85, 86, 90, 99, 108, 121, 122, 135, 136, 138, 139, 141, 142, 143, 145, 146, 147, 148, 149, 156, 165, 166, 168, 169, 170, 172, 174, 176, 177, 179, 180, 181, 182, 183, 185, 187, 204, 205, 207, 208, 209, 228, 233, 234, 251, 252, 253, 254, 255, 256, 258, 259, 260, 261, 262, 265, 266, 269, 282, 284, 285, 287, 290, 291, 293, 302, 305, 306, 307, 309, 310, 312, 316, 317, 318, 329, 331, 333, 335, 337, 338, 339, 340, 343, 347, 348, 352, 360, 361, 362, 365, 367, 376, 377, 379, 380, 383, 384, 385, 386, 387, 388, 390, 392, 394, 401, 403, 404, 405, 408, 409, 414, 415, 417, 418, 419, 420, 422, 423, 424, 425, 427, 428, 429, 430, 431, 434, 444, 450, 451, 453, 454, 457, 458, 462, 463, 464, 465, 466, 467, 468, 469, 470, 471, 472, 473, 474, 475, 476, 478, 479, 480, 481, 482, 484, 485, 486, 487, 488, 489, 491, 492, 493, 495, 496, 497, 499, 500, 501, 505, 506, 507, 514, 522, 523, 535, 536, 537, 538, 539, 549, 550, 551, 553, 555, 556, 557, 558, 561, 562, 563, 564, 565, 568, 570, 571, 572, 576, 577, 578, 579, 583, 584, 586, 587, 588, 589, 594, 595, 596, 597, 598, 602, 603, 604, 605, 606, 608, 609, 610, 611, 612, 613, 614, 615, 616], "summary": {"covered_lines": 277, "num_statements": 328, "percent_covered": 84.45121951219512, "percent_covered_display": "84.5", "missing_lines": 51, "excluded_lines": 4}, "missing_lines": [87, 88, 188, 191, 210, 211, 212, 225, 226, 235, 238, 286, 313, 314, 341, 344, 345, 349, 350, 353, 354, 355, 356, 357, 358, 381, 393, 435, 436, 441, 445, 446, 447, 452, 460, 503, 552, 554, 566, 567, 569, 573, 580, 581, 582, 585, 590, 591, 592, 593, 599], "excluded_lines": [165, 166, 326, 327], "functions": {"PenguiFlowAdapter.__init__": {"executed_lines": [46, 47, 48, 49, 50, 51, 53, 54, 55], "summary": {"covered_lines": 9, "num_statements": 9, "percent_covered": 100.0, "percent_covered_display": "100.0", "missing_lines": 0, "excluded_lines": 0}, "missing_lines": [], "excluded_lines": []}, "PenguiFlowAdapter.run": {"executed_lines": [58, 61, 62, 63, 65, 66, 70, 71, 72, 73, 75, 76, 78, 79, 80, 81, 82, 83, 84, 85, 86, 90, 99, 108, 121, 122, 135, 136, 138, 139, 141, 145, 172, 174, 284, 285, 287, 290, 291], "summary": {"covered_lines": 39, "num_statements": 42, "percent_covered": 92.85714285714286, "percent_covered_display": "92.9", "missing_lines": 3, "excluded_lines": 0}, "missing_lines": [87, 88, 286], "excluded_lines": []}, "PenguiFlowAdapter.run._event_consumer": {"executed_lines": [142, 143], "summary": {"covered_lines": 2, "num_statements": 2, "percent_covered": 100.0, "percent_covered_display": "100.0", "missing_lines": 0, "excluded_lines": 0}, "missing_lines": [], "excluded_lines": []}, "PenguiFlowAdapter.run._run_chat": {"executed_lines": [146, 147, 148, 149, 156, 165, 166, 168, 169, 170], "summary": {"covered_lines": 8, "num_statements": 8, "percent_covered": 100.0, "percent_covered_display": "100.0", "missing_lines": 0, "excluded_lines": 2}, "missing_lines": [], "excluded_lines": [165, 166]}, "PenguiFlowAdapter.run._stream": {"executed_lines": [176, 177, 179, 180, 181, 182, 183, 185, 187, 204, 205, 207, 208, 209, 228, 233, 234, 251, 252, 253, 254, 255, 256, 258, 259, 260, 261, 262, 265, 266, 269, 282], "summary": {"covered_lines": 32, "num_statements": 41, "percent_covered": 78.04878048780488, "percent_covered_display": "78.0", "missing_lines": 9, "excluded_lines": 0}, "missing_lines": [188, 191, 210, 211, 212, 225, 226, 235, 238], "excluded_lines": []}, "PenguiFlowAdapter.resume": {"executed_lines": [302, 305, 306, 307, 309, 310, 312, 316, 331, 333, 367, 376, 377], "summary": {"covered_lines": 13, "num_statements": 13, "percent_covered": 100.0, "percent_covered_display": "100.0", "missing_lines": 0, "excluded_lines": 0}, "missing_lines": [], "excluded_lines": []}, "PenguiFlowAdapter.resume._event_consumer": {"executed_lines": [], "summary": {"covered_lines": 0, "num_statements": 2, "percent_covered": 0.0, "percent_covered_display": "0.0", "missing_lines": 2, "excluded_lines": 0}, "missing_lines": [313, 314], "excluded_lines": []}, "PenguiFlowAdapter.resume._run_resume": {"executed_lines": [317, 318, 329], "summary": {"covered_lines": 3, "num_statements": 3, "percent_covered": 100.0, "percent_covered_display": "100.0", "missing_lines": 0, "excluded_lines": 2}, "missing_lines": [], "excluded_lines": [326, 327]}, "PenguiFlowAdapter.resume._stream": {"executed_lines": [335, 337, 338, 339, 340, 343, 347, 348, 352, 360, 361, 362, 365], "summary": {"covered_lines": 13, "num_statements": 24, "percent_covered": 54.166666666666664, "percent_covered_display": "54.2", "missing_lines": 11, "excluded_lines": 0}, "missing_lines": [341, 344, 345, 349, 350, 353, 354, 355, 356, 357, 358], "excluded_lines": []}, "PenguiFlowAdapter._emit_text_block": {"executed_lines": [380, 383, 384, 385, 386, 387, 388], "summary": {"covered_lines": 7, "num_statements": 8, "percent_covered": 87.5, "percent_covered_display": "87.5", "missing_lines": 1, "excluded_lines": 0}, "missing_lines": [381], "excluded_lines": []}, "PenguiFlowAdapter._make_status_update": {"executed_lines": [392, 394, 401], "summary": {"covered_lines": 3, "num_statements": 4, "percent_covered": 75.0, "percent_covered_display": "75.0", "missing_lines": 1, "excluded_lines": 0}, "missing_lines": [393], "excluded_lines": []}, "PenguiFlowAdapter._convert_planner_event": {"executed_lines": [404, 405, 408, 409, 414, 415, 417, 418, 419, 420, 422, 423, 424, 425, 427, 428, 429, 430, 431, 434, 444, 450, 451, 453, 454, 457, 458, 462, 463, 464, 465, 466, 467, 468, 469, 470, 471, 472, 473, 474, 475, 476, 478, 479, 480, 481, 482, 484, 485, 486, 487, 488, 489, 491, 492, 493, 495, 496, 497, 499, 500, 501], "summary": {"covered_lines": 62, "num_statements": 71, "percent_covered": 87.32394366197182, "percent_covered_display": "87.3", "missing_lines": 9, "excluded_lines": 0}, "missing_lines": [435, 436, 441, 445, 446, 447, 452, 460, 503], "excluded_lines": []}, "PenguiFlowAdapter._artifact_custom_event": {"executed_lines": [506, 507, 514], "summary": {"covered_lines": 3, "num_statements": 3, "percent_covered": 100.0, "percent_covered_display": "100.0", "missing_lines": 0, "excluded_lines": 0}, "missing_lines": [], "excluded_lines": []}, "PenguiFlowAdapter._artifact_chunk_custom_event": {"executed_lines": [523], "summary": {"covered_lines": 1, "num_statements": 1, "percent_covered": 100.0, "percent_covered_display": "100.0", "missing_lines": 0, "excluded_lines": 0}, "missing_lines": [], "excluded_lines": []}, "PenguiFlowAdapter._resource_custom_event": {"executed_lines": [536, 537, 538, 539], "summary": {"covered_lines": 4, "num_statements": 4, "percent_covered": 100.0, "percent_covered_display": "100.0", "missing_lines": 0, "excluded_lines": 0}, "missing_lines": [], "excluded_lines": []}, "_extract_forwarded_contexts": {"executed_lines": [550, 551, 553, 555, 556, 557, 558], "summary": {"covered_lines": 7, "num_statements": 9, "percent_covered": 77.77777777777777, "percent_covered_display": "77.8", "missing_lines": 2, "excluded_lines": 0}, "missing_lines": [552, 554], "excluded_lines": []}, "_pick_query": {"executed_lines": [562, 563, 564, 565, 568, 570, 571, 572], "summary": {"covered_lines": 8, "num_statements": 12, "percent_covered": 66.66666666666667, "percent_covered_display": "66.7", "missing_lines": 4, "excluded_lines": 0}, "missing_lines": [566, 567, 569, 573], "excluded_lines": []}, "_extract_text_content": {"executed_lines": [577, 578, 579, 583, 584, 586, 587, 588, 589, 594, 595, 596, 597, 598], "summary": {"covered_lines": 14, "num_statements": 23, "percent_covered": 60.869565217391305, "percent_covered_display": "60.9", "missing_lines": 9, "excluded_lines": 0}, "missing_lines": [580, 581, 582, 585, 590, 591, 592, 593, 599], "excluded_lines": []}, "_format_pause_message": {"executed_lines": [603, 604, 605, 606, 608, 609, 610, 611, 612, 613, 614, 615, 616], "summary": {"covered_lines": 13, "num_statements": 13, "percent_covered": 100.0, "percent_covered_display": "100.0", "missing_lines": 0, "excluded_lines": 0}, "missing_lines": [], "excluded_lines": []}, "": {"executed_lines": [1, 3, 5, 6, 7, 8, 9, 10, 11, 13, 15, 17, 18, 19, 20, 21, 22, 24, 26, 29, 30, 31, 32, 35, 36, 38, 57, 293, 379, 390, 403, 505, 522, 535, 549, 561, 576, 602], "summary": {"covered_lines": 36, "num_statements": 36, "percent_covered": 100.0, "percent_covered_display": "100.0", "missing_lines": 0, "excluded_lines": 0}, "missing_lines": [], "excluded_lines": []}}, "classes": {"_RunResult": {"executed_lines": [], "summary": {"covered_lines": 0, "num_statements": 0, "percent_covered": 100.0, "percent_covered_display": "100.0", "missing_lines": 0, "excluded_lines": 0}, "missing_lines": [], "excluded_lines": []}, "PenguiFlowAdapter": {"executed_lines": [46, 47, 48, 49, 50, 51, 53, 54, 55, 58, 61, 62, 63, 65, 66, 70, 71, 72, 73, 75, 76, 78, 79, 80, 81, 82, 83, 84, 85, 86, 90, 99, 108, 121, 122, 135, 136, 138, 139, 141, 142, 143, 145, 146, 147, 148, 149, 156, 165, 166, 168, 169, 170, 172, 174, 176, 177, 179, 180, 181, 182, 183, 185, 187, 204, 205, 207, 208, 209, 228, 233, 234, 251, 252, 253, 254, 255, 256, 258, 259, 260, 261, 262, 265, 266, 269, 282, 284, 285, 287, 290, 291, 302, 305, 306, 307, 309, 310, 312, 316, 317, 318, 329, 331, 333, 335, 337, 338, 339, 340, 343, 347, 348, 352, 360, 361, 362, 365, 367, 376, 377, 380, 383, 384, 385, 386, 387, 388, 392, 394, 401, 404, 405, 408, 409, 414, 415, 417, 418, 419, 420, 422, 423, 424, 425, 427, 428, 429, 430, 431, 434, 444, 450, 451, 453, 454, 457, 458, 462, 463, 464, 465, 466, 467, 468, 469, 470, 471, 472, 473, 474, 475, 476, 478, 479, 480, 481, 482, 484, 485, 486, 487, 488, 489, 491, 492, 493, 495, 496, 497, 499, 500, 501, 506, 507, 514, 523, 536, 537, 538, 539], "summary": {"covered_lines": 199, "num_statements": 235, "percent_covered": 84.68085106382979, "percent_covered_display": "84.7", "missing_lines": 36, "excluded_lines": 4}, "missing_lines": [87, 88, 188, 191, 210, 211, 212, 225, 226, 235, 238, 286, 313, 314, 341, 344, 345, 349, 350, 353, 354, 355, 356, 357, 358, 381, 393, 435, 436, 441, 445, 446, 447, 452, 460, 503], "excluded_lines": [165, 166, 326, 327]}, "": {"executed_lines": [1, 3, 5, 6, 7, 8, 9, 10, 11, 13, 15, 17, 18, 19, 20, 21, 22, 24, 26, 29, 30, 31, 32, 35, 36, 38, 57, 293, 379, 390, 403, 505, 522, 535, 549, 550, 551, 553, 555, 556, 557, 558, 561, 562, 563, 564, 565, 568, 570, 571, 572, 576, 577, 578, 579, 583, 584, 586, 587, 588, 589, 594, 595, 596, 597, 598, 602, 603, 604, 605, 606, 608, 609, 610, 611, 612, 613, 614, 615, 616], "summary": {"covered_lines": 78, "num_statements": 93, "percent_covered": 83.87096774193549, "percent_covered_display": "83.9", "missing_lines": 15, "excluded_lines": 0}, "missing_lines": [552, 554, 566, 567, 569, 573, 580, 581, 582, 585, 590, 591, 592, 593, 599], "excluded_lines": []}}}, "penguiflow/artifacts.py": {"executed_lines": [1, 11, 13, 14, 15, 16, 17, 19, 21, 24, 34, 42, 43, 49, 50, 51, 52, 55, 56, 62, 63, 65, 66, 68, 69, 71, 72, 74, 75, 77, 78, 80, 81, 84, 85, 88, 89, 92, 93, 95, 96, 98, 99, 102, 103, 105, 106, 109, 110, 118, 119, 120, 126, 151, 176, 187, 198, 209, 226, 240, 241, 242, 243, 246, 247, 249, 257, 265, 266, 267, 270, 271, 277, 278, 279, 281, 292, 293, 297, 299, 300, 302, 303, 311, 321, 332, 333, 337, 339, 340, 341, 344, 345, 346, 348, 349, 358, 368, 370, 372, 374, 376, 378, 380, 382, 385, 386, 388, 389, 390, 393, 394, 400, 411, 412, 413, 414, 416, 428, 429, 435, 436, 439, 441, 442, 445, 448, 459, 462, 467, 469, 471, 482, 483, 492, 494, 496, 497, 498, 501, 502, 504, 506, 508, 509, 510, 512, 514, 516, 517, 518, 520, 521, 523, 525, 526, 528, 530, 531, 533, 534, 536, 537, 538, 540, 541, 543, 545, 546, 549, 550, 552, 553, 554, 555, 556, 559, 560, 561, 562, 564, 566, 567, 569, 570, 572, 574, 575, 577], "summary": {"covered_lines": 180, "num_statements": 186, "percent_covered": 96.7741935483871, "percent_covered_display": "96.8", "missing_lines": 6, "excluded_lines": 2}, "missing_lines": [149, 174, 185, 196, 207, 218], "excluded_lines": [21, 22], "functions": {"ArtifactStore.put_bytes": {"executed_lines": [], "summary": {"covered_lines": 0, "num_statements": 1, "percent_covered": 0.0, "percent_covered_display": "0.0", "missing_lines": 1, "excluded_lines": 0}, "missing_lines": [149], "excluded_lines": []}, "ArtifactStore.put_text": {"executed_lines": [], "summary": {"covered_lines": 0, "num_statements": 1, "percent_covered": 0.0, "percent_covered_display": "0.0", "missing_lines": 1, "excluded_lines": 0}, "missing_lines": [174], "excluded_lines": []}, "ArtifactStore.get": {"executed_lines": [], "summary": {"covered_lines": 0, "num_statements": 1, "percent_covered": 0.0, "percent_covered_display": "0.0", "missing_lines": 1, "excluded_lines": 0}, "missing_lines": [185], "excluded_lines": []}, "ArtifactStore.get_ref": {"executed_lines": [], "summary": {"covered_lines": 0, "num_statements": 1, "percent_covered": 0.0, "percent_covered_display": "0.0", "missing_lines": 1, "excluded_lines": 0}, "missing_lines": [196], "excluded_lines": []}, "ArtifactStore.delete": {"executed_lines": [], "summary": {"covered_lines": 0, "num_statements": 1, "percent_covered": 0.0, "percent_covered_display": "0.0", "missing_lines": 1, "excluded_lines": 0}, "missing_lines": [207], "excluded_lines": []}, "ArtifactStore.exists": {"executed_lines": [], "summary": {"covered_lines": 0, "num_statements": 1, "percent_covered": 0.0, "percent_covered_display": "0.0", "missing_lines": 1, "excluded_lines": 0}, "missing_lines": [218], "excluded_lines": []}, "discover_artifact_store": {"executed_lines": [240, 241, 242, 243, 246, 247, 249], "summary": {"covered_lines": 7, "num_statements": 7, "percent_covered": 100.0, "percent_covered_display": "100.0", "missing_lines": 0, "excluded_lines": 0}, "missing_lines": [], "excluded_lines": []}, "_generate_artifact_id": {"executed_lines": [265, 266, 267], "summary": {"covered_lines": 3, "num_statements": 3, "percent_covered": 100.0, "percent_covered_display": "100.0", "missing_lines": 0, "excluded_lines": 0}, "missing_lines": [], "excluded_lines": []}, "NoOpArtifactStore.__init__": {"executed_lines": [278, 279], "summary": {"covered_lines": 2, "num_statements": 2, "percent_covered": 100.0, "percent_covered_display": "100.0", "missing_lines": 0, "excluded_lines": 0}, "missing_lines": [], "excluded_lines": []}, "NoOpArtifactStore.put_bytes": {"executed_lines": [292, 293, 297, 299, 300, 302, 303, 311], "summary": {"covered_lines": 8, "num_statements": 8, "percent_covered": 100.0, "percent_covered_display": "100.0", "missing_lines": 0, "excluded_lines": 0}, "missing_lines": [], "excluded_lines": []}, "NoOpArtifactStore.put_text": {"executed_lines": [332, 333, 337, 339, 340, 341, 344, 345, 346, 348, 349, 358], "summary": {"covered_lines": 12, "num_statements": 12, "percent_covered": 100.0, "percent_covered_display": "100.0", "missing_lines": 0, "excluded_lines": 0}, "missing_lines": [], "excluded_lines": []}, "NoOpArtifactStore.get": {"executed_lines": [370], "summary": {"covered_lines": 1, "num_statements": 1, "percent_covered": 100.0, "percent_covered_display": "100.0", "missing_lines": 0, "excluded_lines": 0}, "missing_lines": [], "excluded_lines": []}, "NoOpArtifactStore.get_ref": {"executed_lines": [374], "summary": {"covered_lines": 1, "num_statements": 1, "percent_covered": 100.0, "percent_covered_display": "100.0", "missing_lines": 0, "excluded_lines": 0}, "missing_lines": [], "excluded_lines": []}, "NoOpArtifactStore.delete": {"executed_lines": [378], "summary": {"covered_lines": 1, "num_statements": 1, "percent_covered": 100.0, "percent_covered_display": "100.0", "missing_lines": 0, "excluded_lines": 0}, "missing_lines": [], "excluded_lines": []}, "NoOpArtifactStore.exists": {"executed_lines": [382], "summary": {"covered_lines": 1, "num_statements": 1, "percent_covered": 100.0, "percent_covered_display": "100.0", "missing_lines": 0, "excluded_lines": 0}, "missing_lines": [], "excluded_lines": []}, "InMemoryArtifactStore.__init__": {"executed_lines": [411, 412, 413, 414], "summary": {"covered_lines": 4, "num_statements": 4, "percent_covered": 100.0, "percent_covered_display": "100.0", "missing_lines": 0, "excluded_lines": 0}, "missing_lines": [], "excluded_lines": []}, "InMemoryArtifactStore.put_bytes": {"executed_lines": [428, 429, 435, 436, 439, 441, 442, 445, 448, 459, 462, 467, 469], "summary": {"covered_lines": 13, "num_statements": 13, "percent_covered": 100.0, "percent_covered_display": "100.0", "missing_lines": 0, "excluded_lines": 0}, "missing_lines": [], "excluded_lines": []}, "InMemoryArtifactStore.put_text": {"executed_lines": [482, 483], "summary": {"covered_lines": 2, "num_statements": 2, "percent_covered": 100.0, "percent_covered_display": "100.0", "missing_lines": 0, "excluded_lines": 0}, "missing_lines": [], "excluded_lines": []}, "InMemoryArtifactStore.get": {"executed_lines": [494, 496, 497, 498, 501, 502], "summary": {"covered_lines": 6, "num_statements": 6, "percent_covered": 100.0, "percent_covered_display": "100.0", "missing_lines": 0, "excluded_lines": 0}, "missing_lines": [], "excluded_lines": []}, "InMemoryArtifactStore.get_ref": {"executed_lines": [506, 508, 509, 510, 512], "summary": {"covered_lines": 5, "num_statements": 5, "percent_covered": 100.0, "percent_covered_display": "100.0", "missing_lines": 0, "excluded_lines": 0}, "missing_lines": [], "excluded_lines": []}, "InMemoryArtifactStore.delete": {"executed_lines": [516, 517, 518, 520, 521], "summary": {"covered_lines": 5, "num_statements": 5, "percent_covered": 100.0, "percent_covered_display": "100.0", "missing_lines": 0, "excluded_lines": 0}, "missing_lines": [], "excluded_lines": []}, "InMemoryArtifactStore.exists": {"executed_lines": [525, 526], "summary": {"covered_lines": 2, "num_statements": 2, "percent_covered": 100.0, "percent_covered_display": "100.0", "missing_lines": 0, "excluded_lines": 0}, "missing_lines": [], "excluded_lines": []}, "InMemoryArtifactStore._expire_old_artifacts": {"executed_lines": [530, 531, 533, 534, 536, 537, 538, 540, 541], "summary": {"covered_lines": 9, "num_statements": 9, "percent_covered": 100.0, "percent_covered_display": "100.0", "missing_lines": 0, "excluded_lines": 0}, "missing_lines": [], "excluded_lines": []}, "InMemoryArtifactStore._evict_if_needed": {"executed_lines": [545, 546, 549, 550, 552, 553, 554, 555, 556, 559, 560, 561, 562], "summary": {"covered_lines": 13, "num_statements": 13, "percent_covered": 100.0, "percent_covered_display": "100.0", "missing_lines": 0, "excluded_lines": 0}, "missing_lines": [], "excluded_lines": []}, "InMemoryArtifactStore.clear": {"executed_lines": [566, 567], "summary": {"covered_lines": 2, "num_statements": 2, "percent_covered": 100.0, "percent_covered_display": "100.0", "missing_lines": 0, "excluded_lines": 0}, "missing_lines": [], "excluded_lines": []}, "InMemoryArtifactStore.total_bytes": {"executed_lines": [572], "summary": {"covered_lines": 1, "num_statements": 1, "percent_covered": 100.0, "percent_covered_display": "100.0", "missing_lines": 0, "excluded_lines": 0}, "missing_lines": [], "excluded_lines": []}, "InMemoryArtifactStore.count": {"executed_lines": [577], "summary": {"covered_lines": 1, "num_statements": 1, "percent_covered": 100.0, "percent_covered_display": "100.0", "missing_lines": 0, "excluded_lines": 0}, "missing_lines": [], "excluded_lines": []}, "": {"executed_lines": [1, 11, 13, 14, 15, 16, 17, 19, 21, 24, 34, 42, 43, 49, 50, 51, 52, 55, 56, 62, 63, 65, 66, 68, 69, 71, 72, 74, 75, 77, 78, 80, 81, 84, 85, 88, 89, 92, 93, 95, 96, 98, 99, 102, 103, 105, 106, 109, 110, 118, 119, 120, 126, 151, 176, 187, 198, 209, 226, 257, 270, 271, 277, 281, 321, 368, 372, 376, 380, 385, 386, 388, 389, 390, 393, 394, 400, 416, 471, 492, 504, 514, 523, 528, 543, 564, 569, 570, 574, 575], "summary": {"covered_lines": 81, "num_statements": 81, "percent_covered": 100.0, "percent_covered_display": "100.0", "missing_lines": 0, "excluded_lines": 2}, "missing_lines": [], "excluded_lines": [21, 22]}}, "classes": {"ArtifactScope": {"executed_lines": [], "summary": {"covered_lines": 0, "num_statements": 0, "percent_covered": 100.0, "percent_covered_display": "100.0", "missing_lines": 0, "excluded_lines": 0}, "missing_lines": [], "excluded_lines": []}, "ArtifactRef": {"executed_lines": [], "summary": {"covered_lines": 0, "num_statements": 0, "percent_covered": 100.0, "percent_covered_display": "100.0", "missing_lines": 0, "excluded_lines": 0}, "missing_lines": [], "excluded_lines": []}, "ArtifactRetentionConfig": {"executed_lines": [], "summary": {"covered_lines": 0, "num_statements": 0, "percent_covered": 100.0, "percent_covered_display": "100.0", "missing_lines": 0, "excluded_lines": 0}, "missing_lines": [], "excluded_lines": []}, "ArtifactStore": {"executed_lines": [], "summary": {"covered_lines": 0, "num_statements": 6, "percent_covered": 0.0, "percent_covered_display": "0.0", "missing_lines": 6, "excluded_lines": 0}, "missing_lines": [149, 174, 185, 196, 207, 218], "excluded_lines": []}, "NoOpArtifactStore": {"executed_lines": [278, 279, 292, 293, 297, 299, 300, 302, 303, 311, 332, 333, 337, 339, 340, 341, 344, 345, 346, 348, 349, 358, 370, 374, 378, 382], "summary": {"covered_lines": 26, "num_statements": 26, "percent_covered": 100.0, "percent_covered_display": "100.0", "missing_lines": 0, "excluded_lines": 0}, "missing_lines": [], "excluded_lines": []}, "_StoredArtifact": {"executed_lines": [], "summary": {"covered_lines": 0, "num_statements": 0, "percent_covered": 100.0, "percent_covered_display": "100.0", "missing_lines": 0, "excluded_lines": 0}, "missing_lines": [], "excluded_lines": []}, "InMemoryArtifactStore": {"executed_lines": [411, 412, 413, 414, 428, 429, 435, 436, 439, 441, 442, 445, 448, 459, 462, 467, 469, 482, 483, 494, 496, 497, 498, 501, 502, 506, 508, 509, 510, 512, 516, 517, 518, 520, 521, 525, 526, 530, 531, 533, 534, 536, 537, 538, 540, 541, 545, 546, 549, 550, 552, 553, 554, 555, 556, 559, 560, 561, 562, 566, 567, 572, 577], "summary": {"covered_lines": 63, "num_statements": 63, "percent_covered": 100.0, "percent_covered_display": "100.0", "missing_lines": 0, "excluded_lines": 0}, "missing_lines": [], "excluded_lines": []}, "": {"executed_lines": [1, 11, 13, 14, 15, 16, 17, 19, 21, 24, 34, 42, 43, 49, 50, 51, 52, 55, 56, 62, 63, 65, 66, 68, 69, 71, 72, 74, 75, 77, 78, 80, 81, 84, 85, 88, 89, 92, 93, 95, 96, 98, 99, 102, 103, 105, 106, 109, 110, 118, 119, 120, 126, 151, 176, 187, 198, 209, 226, 240, 241, 242, 243, 246, 247, 249, 257, 265, 266, 267, 270, 271, 277, 281, 321, 368, 372, 376, 380, 385, 386, 388, 389, 390, 393, 394, 400, 416, 471, 492, 504, 514, 523, 528, 543, 564, 569, 570, 574, 575], "summary": {"covered_lines": 91, "num_statements": 91, "percent_covered": 100.0, "percent_covered_display": "100.0", "missing_lines": 0, "excluded_lines": 2}, "missing_lines": [], "excluded_lines": [21, 22]}}}, "penguiflow/bus.py": {"executed_lines": [1, 3, 5, 6, 7, 10, 11, 12, 14, 15, 16, 17, 18, 19, 20, 23, 24, 26, 30], "summary": {"covered_lines": 16, "num_statements": 16, "percent_covered": 100.0, "percent_covered_display": "100.0", "missing_lines": 0, "excluded_lines": 0}, "missing_lines": [], "excluded_lines": [], "functions": {"MessageBus.publish": {"executed_lines": [], "summary": {"covered_lines": 0, "num_statements": 0, "percent_covered": 100.0, "percent_covered_display": "100.0", "missing_lines": 0, "excluded_lines": 0}, "missing_lines": [], "excluded_lines": []}, "": {"executed_lines": [1, 3, 5, 6, 7, 10, 11, 12, 14, 15, 16, 17, 18, 19, 20, 23, 24, 26, 30], "summary": {"covered_lines": 16, "num_statements": 16, "percent_covered": 100.0, "percent_covered_display": "100.0", "missing_lines": 0, "excluded_lines": 0}, "missing_lines": [], "excluded_lines": []}}, "classes": {"BusEnvelope": {"executed_lines": [], "summary": {"covered_lines": 0, "num_statements": 0, "percent_covered": 100.0, "percent_covered_display": "100.0", "missing_lines": 0, "excluded_lines": 0}, "missing_lines": [], "excluded_lines": []}, "MessageBus": {"executed_lines": [], "summary": {"covered_lines": 0, "num_statements": 0, "percent_covered": 100.0, "percent_covered_display": "100.0", "missing_lines": 0, "excluded_lines": 0}, "missing_lines": [], "excluded_lines": []}, "": {"executed_lines": [1, 3, 5, 6, 7, 10, 11, 12, 14, 15, 16, 17, 18, 19, 20, 23, 24, 26, 30], "summary": {"covered_lines": 16, "num_statements": 16, "percent_covered": 100.0, "percent_covered_display": "100.0", "missing_lines": 0, "excluded_lines": 0}, "missing_lines": [], "excluded_lines": []}}}, "penguiflow/catalog.py": {"executed_lines": [1, 3, 5, 6, 7, 8, 9, 11, 13, 14, 16, 19, 20, 21, 23, 24, 25, 26, 27, 28, 29, 30, 31, 32, 33, 34, 36, 38, 39, 40, 42, 43, 44, 45, 46, 48, 63, 64, 65, 66, 69, 84, 85, 86, 87, 90, 101, 102, 103, 104, 106, 109, 110, 111, 112, 122, 134, 140, 141, 142, 143, 144, 145, 161, 164], "summary": {"covered_lines": 63, "num_statements": 65, "percent_covered": 96.92307692307692, "percent_covered_display": "96.9", "missing_lines": 2, "excluded_lines": 0}, "missing_lines": [41, 88], "excluded_lines": [], "functions": {"NodeSpec.to_tool_record": {"executed_lines": [38, 39, 40, 42, 43, 44, 45, 46, 48], "summary": {"covered_lines": 9, "num_statements": 10, "percent_covered": 90.0, "percent_covered_display": "90.0", "missing_lines": 1, "excluded_lines": 0}, "missing_lines": [41], "excluded_lines": []}, "_normalise_sequence": {"executed_lines": [64, 65, 66], "summary": {"covered_lines": 3, "num_statements": 3, "percent_covered": 100.0, "percent_covered_display": "100.0", "missing_lines": 0, "excluded_lines": 0}, "missing_lines": [], "excluded_lines": []}, "tool": {"executed_lines": [84, 85, 86, 87, 90, 101, 106], "summary": {"covered_lines": 7, "num_statements": 8, "percent_covered": 87.5, "percent_covered_display": "87.5", "missing_lines": 1, "excluded_lines": 0}, "missing_lines": [88], "excluded_lines": []}, "tool.decorator": {"executed_lines": [102, 103, 104], "summary": {"covered_lines": 3, "num_statements": 3, "percent_covered": 100.0, "percent_covered_display": "100.0", "missing_lines": 0, "excluded_lines": 0}, "missing_lines": [], "excluded_lines": []}, "_load_metadata": {"executed_lines": [110, 111, 112, 122], "summary": {"covered_lines": 4, "num_statements": 4, "percent_covered": 100.0, "percent_covered_display": "100.0", "missing_lines": 0, "excluded_lines": 0}, "missing_lines": [], "excluded_lines": []}, "build_catalog": {"executed_lines": [140, 141, 142, 143, 144, 145, 161], "summary": {"covered_lines": 7, "num_statements": 7, "percent_covered": 100.0, "percent_covered_display": "100.0", "missing_lines": 0, "excluded_lines": 0}, "missing_lines": [], "excluded_lines": []}, "": {"executed_lines": [1, 3, 5, 6, 7, 8, 9, 11, 13, 14, 16, 19, 20, 21, 23, 24, 25, 26, 27, 28, 29, 30, 31, 32, 33, 34, 36, 63, 69, 109, 134, 164], "summary": {"covered_lines": 30, "num_statements": 30, "percent_covered": 100.0, "percent_covered_display": "100.0", "missing_lines": 0, "excluded_lines": 0}, "missing_lines": [], "excluded_lines": []}}, "classes": {"NodeSpec": {"executed_lines": [38, 39, 40, 42, 43, 44, 45, 46, 48], "summary": {"covered_lines": 9, "num_statements": 10, "percent_covered": 90.0, "percent_covered_display": "90.0", "missing_lines": 1, "excluded_lines": 0}, "missing_lines": [41], "excluded_lines": []}, "": {"executed_lines": [1, 3, 5, 6, 7, 8, 9, 11, 13, 14, 16, 19, 20, 21, 23, 24, 25, 26, 27, 28, 29, 30, 31, 32, 33, 34, 36, 63, 64, 65, 66, 69, 84, 85, 86, 87, 90, 101, 102, 103, 104, 106, 109, 110, 111, 112, 122, 134, 140, 141, 142, 143, 144, 145, 161, 164], "summary": {"covered_lines": 54, "num_statements": 55, "percent_covered": 98.18181818181819, "percent_covered_display": "98.2", "missing_lines": 1, "excluded_lines": 0}, "missing_lines": [88], "excluded_lines": []}}}, "penguiflow/core.py": {"executed_lines": [1, 6, 8, 9, 10, 11, 12, 13, 14, 15, 16, 17, 19, 20, 21, 22, 23, 24, 25, 26, 28, 30, 33, 34, 36, 39, 40, 41, 43, 46, 47, 50, 51, 52, 54, 57, 58, 61, 62, 64, 66, 73, 74, 75, 78, 79, 81, 82, 83, 86, 87, 89, 98, 99, 100, 101, 102, 103, 104, 106, 107, 108, 110, 111, 114, 116, 117, 119, 121, 122, 124, 126, 131, 134, 135, 137, 138, 140, 141, 142, 143, 147, 148, 150, 151, 153, 154, 156, 157, 159, 160, 162, 181, 182, 183, 184, 187, 189, 191, 199, 201, 209, 210, 213, 214, 216, 218, 219, 221, 223, 224, 226, 227, 228, 229, 230, 231, 233, 234, 235, 237, 238, 240, 241, 242, 244, 245, 248, 249, 252, 253, 255, 256, 257, 258, 259, 261, 262, 263, 264, 266, 267, 269, 270, 272, 273, 275, 284, 292, 293, 295, 305, 306, 307, 308, 309, 310, 311, 312, 313, 314, 315, 316, 317, 318, 319, 320, 321, 322, 323, 324, 326, 328, 329, 332, 333, 335, 336, 337, 338, 339, 340, 341, 342, 344, 347, 348, 349, 350, 352, 353, 354, 355, 356, 357, 358, 359, 360, 363, 364, 365, 366, 367, 368, 371, 372, 373, 374, 375, 376, 377, 379, 380, 383, 385, 386, 387, 389, 390, 391, 392, 394, 395, 397, 398, 399, 400, 401, 402, 403, 405, 406, 408, 409, 410, 411, 412, 413, 414, 415, 417, 418, 419, 420, 422, 423, 424, 425, 426, 427, 428, 438, 439, 440, 441, 442, 455, 456, 457, 458, 468, 469, 470, 479, 481, 482, 484, 485, 486, 487, 488, 498, 508, 511, 512, 513, 514, 517, 518, 520, 521, 522, 523, 524, 525, 526, 527, 529, 530, 531, 532, 536, 538, 551, 561, 562, 563, 564, 566, 571, 574, 576, 578, 581, 583, 586, 588, 589, 590, 591, 592, 594, 595, 596, 598, 599, 600, 602, 604, 607, 609, 610, 624, 637, 638, 649, 655, 656, 658, 659, 662, 663, 673, 674, 681, 682, 683, 690, 692, 693, 700, 701, 702, 704, 707, 708, 709, 711, 713, 714, 723, 724, 725, 726, 727, 728, 729, 730, 731, 742, 743, 744, 745, 746, 756, 764, 765, 766, 767, 777, 778, 779, 780, 781, 782, 793, 794, 804, 812, 813, 814, 815, 825, 827, 828, 829, 830, 832, 834, 846, 847, 848, 849, 850, 851, 852, 853, 863, 873, 874, 875, 879, 890, 891, 893, 900, 901, 903, 904, 905, 906, 908, 910, 911, 912, 913, 914, 915, 917, 918, 919, 921, 922, 923, 925, 927, 934, 935, 937, 938, 939, 940, 942, 943, 944, 946, 947, 948, 949, 950, 952, 953, 954, 956, 957, 958, 959, 961, 962, 963, 964, 966, 967, 968, 969, 972, 973, 974, 975, 976, 977, 979, 983, 985, 986, 987, 988, 989, 990, 991, 993, 994, 996, 997, 998, 1000, 1001, 1002, 1003, 1004, 1005, 1007, 1008, 1010, 1011, 1012, 1015, 1021, 1022, 1023, 1024, 1025, 1026, 1027, 1028, 1029, 1039, 1045, 1047, 1048, 1049, 1050, 1051, 1061, 1067, 1069, 1070, 1071, 1073, 1074, 1076, 1078, 1079, 1080, 1081, 1082, 1084, 1085, 1086, 1087, 1088, 1090, 1091, 1092, 1093, 1095, 1096, 1099, 1100, 1101, 1102, 1103, 1104, 1113, 1114, 1116, 1117, 1118, 1120, 1121, 1122, 1124, 1125, 1126, 1127, 1128, 1130, 1134, 1136, 1137, 1139, 1140, 1143, 1144, 1145, 1147, 1148, 1149, 1150, 1161, 1163, 1164, 1166, 1167, 1168, 1170, 1172, 1173, 1176, 1177, 1178, 1179, 1180, 1181, 1182, 1183, 1184, 1185, 1187, 1188, 1196, 1197, 1198, 1199, 1200, 1201, 1203, 1204, 1205, 1206, 1208, 1209, 1212, 1213, 1216, 1217, 1218, 1219, 1221, 1222, 1226, 1233, 1234, 1235, 1236, 1237, 1238, 1239, 1240, 1242, 1243, 1244, 1245, 1247, 1248, 1249, 1251, 1252, 1253, 1255, 1257, 1258, 1259, 1260, 1262, 1263, 1264, 1266, 1268, 1269, 1271, 1272, 1274, 1276, 1277, 1278, 1279, 1281, 1282, 1283, 1284, 1285, 1286, 1288, 1291, 1292, 1294, 1295, 1296, 1297, 1298, 1300, 1301, 1309, 1310, 1311, 1312, 1313, 1315, 1328, 1329, 1330, 1331, 1332, 1334, 1335, 1336, 1337, 1338, 1339, 1340, 1342, 1360, 1361, 1362, 1363, 1365, 1367, 1368, 1369, 1370, 1371, 1372, 1382, 1383, 1384, 1385, 1386, 1396, 1397, 1398, 1399, 1400, 1401, 1402, 1404, 1405, 1406, 1407, 1409, 1410, 1411, 1414, 1417, 1426, 1427, 1429, 1430, 1431, 1433, 1434, 1436, 1437, 1440, 1441, 1442, 1443, 1444, 1445, 1446, 1448, 1450, 1451, 1452, 1453, 1454, 1455, 1458, 1459, 1460, 1461, 1462, 1463, 1466, 1467, 1468, 1469, 1470, 1471, 1473, 1474, 1475, 1476, 1479, 1482, 1485], "summary": {"covered_lines": 735, "num_statements": 822, "percent_covered": 89.41605839416059, "percent_covered_display": "89.4", "missing_lines": 87, "excluded_lines": 6}, "missing_lines": [35, 118, 123, 132, 144, 145, 146, 152, 158, 186, 211, 225, 239, 246, 250, 330, 381, 443, 452, 453, 483, 489, 490, 491, 492, 493, 494, 495, 496, 497, 499, 500, 501, 502, 503, 504, 505, 506, 507, 509, 510, 515, 516, 533, 534, 535, 567, 568, 569, 575, 587, 597, 608, 660, 705, 831, 920, 971, 978, 1009, 1013, 1046, 1068, 1097, 1131, 1132, 1141, 1174, 1189, 1190, 1191, 1192, 1193, 1194, 1210, 1214, 1223, 1224, 1303, 1304, 1305, 1306, 1307, 1403, 1456, 1464, 1465], "excluded_lines": [611, 612, 1218, 1219, 1385, 1386], "functions": {"_capture_exc_info": {"executed_lines": [34, 36], "summary": {"covered_lines": 2, "num_statements": 3, "percent_covered": 66.66666666666667, "percent_covered_display": "66.7", "missing_lines": 1, "excluded_lines": 0}, "missing_lines": [35], "excluded_lines": []}, "Floe.__init__": {"executed_lines": [73, 74, 75], "summary": {"covered_lines": 3, "num_statements": 3, "percent_covered": 100.0, "percent_covered_display": "100.0", "missing_lines": 0, "excluded_lines": 0}, "missing_lines": [], "excluded_lines": []}, "TraceCancelled.__init__": {"executed_lines": [82, 83], "summary": {"covered_lines": 2, "num_statements": 2, "percent_covered": 100.0, "percent_covered_display": "100.0", "missing_lines": 0, "excluded_lines": 0}, "missing_lines": [], "excluded_lines": []}, "Context.__init__": {"executed_lines": [99, 100, 101, 102, 103, 104], "summary": {"covered_lines": 6, "num_statements": 6, "percent_covered": 100.0, "percent_covered_display": "100.0", "missing_lines": 0, "excluded_lines": 0}, "missing_lines": [], "excluded_lines": []}, "Context.owner": {"executed_lines": [108], "summary": {"covered_lines": 1, "num_statements": 1, "percent_covered": 100.0, "percent_covered_display": "100.0", "missing_lines": 0, "excluded_lines": 0}, "missing_lines": [], "excluded_lines": []}, "Context.runtime": {"executed_lines": [114], "summary": {"covered_lines": 1, "num_statements": 1, "percent_covered": 100.0, "percent_covered_display": "100.0", "missing_lines": 0, "excluded_lines": 0}, "missing_lines": [], "excluded_lines": []}, "Context.add_incoming_floe": {"executed_lines": [117, 119], "summary": {"covered_lines": 2, "num_statements": 3, "percent_covered": 66.66666666666667, "percent_covered_display": "66.7", "missing_lines": 1, "excluded_lines": 0}, "missing_lines": [118], "excluded_lines": []}, "Context.add_outgoing_floe": {"executed_lines": [122, 124], "summary": {"covered_lines": 2, "num_statements": 3, "percent_covered": 66.66666666666667, "percent_covered_display": "66.7", "missing_lines": 1, "excluded_lines": 0}, "missing_lines": [123], "excluded_lines": []}, "Context._resolve_targets": {"executed_lines": [131, 134, 135, 137, 138, 140, 141, 142, 143, 147, 148], "summary": {"covered_lines": 11, "num_statements": 15, "percent_covered": 73.33333333333333, "percent_covered_display": "73.3", "missing_lines": 4, "excluded_lines": 0}, "missing_lines": [132, 144, 145, 146], "excluded_lines": []}, "Context.emit": {"executed_lines": [151, 153, 154], "summary": {"covered_lines": 3, "num_statements": 4, "percent_covered": 75.0, "percent_covered_display": "75.0", "missing_lines": 1, "excluded_lines": 0}, "missing_lines": [152], "excluded_lines": []}, "Context.emit_nowait": {"executed_lines": [157, 159, 160], "summary": {"covered_lines": 3, "num_statements": 4, "percent_covered": 75.0, "percent_covered_display": "75.0", "missing_lines": 1, "excluded_lines": 0}, "missing_lines": [158], "excluded_lines": []}, "Context.emit_chunk": {"executed_lines": [181, 182, 183, 184, 187, 189, 191, 199, 201, 209, 210, 213, 214, 216, 218, 219, 221], "summary": {"covered_lines": 17, "num_statements": 19, "percent_covered": 89.47368421052632, "percent_covered_display": "89.5", "missing_lines": 2, "excluded_lines": 0}, "missing_lines": [186, 211], "excluded_lines": []}, "Context.fetch_nowait": {"executed_lines": [224, 226, 227, 228, 229, 230, 231], "summary": {"covered_lines": 7, "num_statements": 8, "percent_covered": 87.5, "percent_covered_display": "87.5", "missing_lines": 1, "excluded_lines": 0}, "missing_lines": [225], "excluded_lines": []}, "Context.fetch": {"executed_lines": [234, 235, 237, 238, 240, 241, 242], "summary": {"covered_lines": 7, "num_statements": 8, "percent_covered": 87.5, "percent_covered_display": "87.5", "missing_lines": 1, "excluded_lines": 0}, "missing_lines": [239], "excluded_lines": []}, "Context.fetch_any": {"executed_lines": [245, 248, 249, 252, 253, 255, 256, 257, 258, 259, 261, 262, 263, 264], "summary": {"covered_lines": 14, "num_statements": 16, "percent_covered": 87.5, "percent_covered_display": "87.5", "missing_lines": 2, "excluded_lines": 0}, "missing_lines": [246, 250], "excluded_lines": []}, "Context.outgoing_count": {"executed_lines": [267], "summary": {"covered_lines": 1, "num_statements": 1, "percent_covered": 100.0, "percent_covered_display": "100.0", "missing_lines": 0, "excluded_lines": 0}, "missing_lines": [], "excluded_lines": []}, "Context.queue_depth_in": {"executed_lines": [270], "summary": {"covered_lines": 1, "num_statements": 1, "percent_covered": 100.0, "percent_covered_display": "100.0", "missing_lines": 0, "excluded_lines": 0}, "missing_lines": [], "excluded_lines": []}, "Context.queue_depth_out": {"executed_lines": [273], "summary": {"covered_lines": 1, "num_statements": 1, "percent_covered": 100.0, "percent_covered_display": "100.0", "missing_lines": 0, "excluded_lines": 0}, "missing_lines": [], "excluded_lines": []}, "Context.call_playbook": {"executed_lines": [284], "summary": {"covered_lines": 1, "num_statements": 1, "percent_covered": 100.0, "percent_covered_display": "100.0", "missing_lines": 0, "excluded_lines": 0}, "missing_lines": [], "excluded_lines": []}, "PenguiFlow.__init__": {"executed_lines": [305, 306, 307, 308, 309, 310, 311, 312, 313, 314, 315, 316, 317, 318, 319, 320, 321, 322, 323, 324, 326], "summary": {"covered_lines": 21, "num_statements": 21, "percent_covered": 100.0, "percent_covered_display": "100.0", "missing_lines": 0, "excluded_lines": 0}, "missing_lines": [], "excluded_lines": []}, "PenguiFlow.registry": {"executed_lines": [], "summary": {"covered_lines": 0, "num_statements": 1, "percent_covered": 0.0, "percent_covered_display": "0.0", "missing_lines": 1, "excluded_lines": 0}, "missing_lines": [330], "excluded_lines": []}, "PenguiFlow.add_middleware": {"executed_lines": [333], "summary": {"covered_lines": 1, "num_statements": 1, "percent_covered": 100.0, "percent_covered_display": "100.0", "missing_lines": 0, "excluded_lines": 0}, "missing_lines": [], "excluded_lines": []}, "PenguiFlow._build_graph": {"executed_lines": [336, 337, 338, 339, 340, 341, 342, 344, 347, 348, 349, 350, 352, 353, 354, 355, 356, 357, 358, 359, 360, 363, 364, 365, 366, 367, 368, 371, 372, 373, 374, 375, 376, 377], "summary": {"covered_lines": 34, "num_statements": 34, "percent_covered": 100.0, "percent_covered_display": "100.0", "missing_lines": 0, "excluded_lines": 0}, "missing_lines": [], "excluded_lines": []}, "PenguiFlow._detect_cycles": {"executed_lines": [380, 383, 385, 386, 387, 389, 390, 391, 392, 394, 395, 397, 398, 399, 400, 401, 402, 403, 405, 406], "summary": {"covered_lines": 20, "num_statements": 21, "percent_covered": 95.23809523809524, "percent_covered_display": "95.2", "missing_lines": 1, "excluded_lines": 0}, "missing_lines": [381], "excluded_lines": []}, "PenguiFlow.run": {"executed_lines": [409, 410, 411, 412, 413, 414, 415, 417, 418, 419, 420], "summary": {"covered_lines": 11, "num_statements": 11, "percent_covered": 100.0, "percent_covered_display": "100.0", "missing_lines": 0, "excluded_lines": 0}, "missing_lines": [], "excluded_lines": []}, "PenguiFlow._node_worker": {"executed_lines": [423, 424, 425, 426, 427, 428, 438, 439, 440, 441, 442, 455, 456, 457, 458, 468, 469, 470, 479], "summary": {"covered_lines": 19, "num_statements": 22, "percent_covered": 86.36363636363636, "percent_covered_display": "86.4", "missing_lines": 3, "excluded_lines": 0}, "missing_lines": [443, 452, 453], "excluded_lines": []}, "PenguiFlow.stop": {"executed_lines": [482, 484, 485, 486, 487, 488, 498, 508, 511, 512, 513, 514, 517, 518], "summary": {"covered_lines": 14, "num_statements": 37, "percent_covered": 37.83783783783784, "percent_covered_display": "37.8", "missing_lines": 23, "excluded_lines": 0}, "missing_lines": [483, 489, 490, 491, 492, 493, 494, 495, 496, 497, 499, 500, 501, 502, 503, 504, 505, 506, 507, 509, 510, 515, 516], "excluded_lines": []}, "PenguiFlow.emit": {"executed_lines": [521, 522, 523, 524, 525, 526, 527], "summary": {"covered_lines": 7, "num_statements": 7, "percent_covered": 100.0, "percent_covered_display": "100.0", "missing_lines": 0, "excluded_lines": 0}, "missing_lines": [], "excluded_lines": []}, "PenguiFlow.emit_nowait": {"executed_lines": [530, 531, 532, 536], "summary": {"covered_lines": 4, "num_statements": 7, "percent_covered": 57.142857142857146, "percent_covered_display": "57.1", "missing_lines": 3, "excluded_lines": 0}, "missing_lines": [533, 534, 535], "excluded_lines": []}, "PenguiFlow.emit_chunk": {"executed_lines": [551], "summary": {"covered_lines": 1, "num_statements": 1, "percent_covered": 100.0, "percent_covered_display": "100.0", "missing_lines": 0, "excluded_lines": 0}, "missing_lines": [], "excluded_lines": []}, "PenguiFlow.fetch": {"executed_lines": [562, 563, 564], "summary": {"covered_lines": 3, "num_statements": 3, "percent_covered": 100.0, "percent_covered_display": "100.0", "missing_lines": 0, "excluded_lines": 0}, "missing_lines": [], "excluded_lines": []}, "PenguiFlow.fetch_any": {"executed_lines": [], "summary": {"covered_lines": 0, "num_statements": 3, "percent_covered": 0.0, "percent_covered_display": "0.0", "missing_lines": 3, "excluded_lines": 0}, "missing_lines": [567, 568, 569], "excluded_lines": []}, "PenguiFlow.load_history": {"executed_lines": [574, 576], "summary": {"covered_lines": 2, "num_statements": 3, "percent_covered": 66.66666666666667, "percent_covered_display": "66.7", "missing_lines": 1, "excluded_lines": 0}, "missing_lines": [575], "excluded_lines": []}, "PenguiFlow.ensure_trace_event": {"executed_lines": [581], "summary": {"covered_lines": 1, "num_statements": 1, "percent_covered": 100.0, "percent_covered_display": "100.0", "missing_lines": 0, "excluded_lines": 0}, "missing_lines": [], "excluded_lines": []}, "PenguiFlow.register_external_task": {"executed_lines": [586, 588, 589, 590, 591, 592, 594, 602], "summary": {"covered_lines": 8, "num_statements": 9, "percent_covered": 88.88888888888889, "percent_covered_display": "88.9", "missing_lines": 1, "excluded_lines": 0}, "missing_lines": [587], "excluded_lines": []}, "PenguiFlow.register_external_task._cleanup": {"executed_lines": [595, 596, 598, 599, 600], "summary": {"covered_lines": 5, "num_statements": 6, "percent_covered": 83.33333333333333, "percent_covered_display": "83.3", "missing_lines": 1, "excluded_lines": 0}, "missing_lines": [597], "excluded_lines": []}, "PenguiFlow.save_remote_binding": {"executed_lines": [607, 609, 610], "summary": {"covered_lines": 3, "num_statements": 4, "percent_covered": 75.0, "percent_covered_display": "75.0", "missing_lines": 1, "excluded_lines": 2}, "missing_lines": [608], "excluded_lines": [611, 612]}, "PenguiFlow.record_remote_event": {"executed_lines": [637, 638], "summary": {"covered_lines": 2, "num_statements": 2, "percent_covered": 100.0, "percent_covered_display": "100.0", "missing_lines": 0, "excluded_lines": 0}, "missing_lines": [], "excluded_lines": []}, "PenguiFlow._execute_with_reliability": {"executed_lines": [655, 656, 658, 659, 662, 663, 673, 674, 681, 682, 683, 690, 692, 693, 700, 701, 702, 704, 707, 708, 709, 711, 713, 714, 723, 724, 725, 726, 727, 728, 729, 730, 731, 742, 743, 744, 745, 746, 756, 764, 765, 766, 767, 777, 778, 779, 780, 781, 782, 793, 794, 804, 812, 813, 814, 815, 825], "summary": {"covered_lines": 57, "num_statements": 59, "percent_covered": 96.61016949152543, "percent_covered_display": "96.6", "missing_lines": 2, "excluded_lines": 0}, "missing_lines": [660, 705], "excluded_lines": []}, "PenguiFlow._backoff_delay": {"executed_lines": [828, 829, 830, 832], "summary": {"covered_lines": 4, "num_statements": 5, "percent_covered": 80.0, "percent_covered_display": "80.0", "missing_lines": 1, "excluded_lines": 0}, "missing_lines": [831], "excluded_lines": []}, "PenguiFlow._create_flow_error": {"executed_lines": [846, 847, 848, 849, 850, 851, 852, 853], "summary": {"covered_lines": 8, "num_statements": 8, "percent_covered": 100.0, "percent_covered_display": "100.0", "missing_lines": 0, "excluded_lines": 0}, "missing_lines": [], "excluded_lines": []}, "PenguiFlow._handle_flow_error": {"executed_lines": [873, 874, 875, 879, 890, 891], "summary": {"covered_lines": 6, "num_statements": 6, "percent_covered": 100.0, "percent_covered_display": "100.0", "missing_lines": 0, "excluded_lines": 0}, "missing_lines": [], "excluded_lines": []}, "PenguiFlow._invoke_node": {"executed_lines": [900, 901, 903, 904, 905, 906, 908], "summary": {"covered_lines": 7, "num_statements": 7, "percent_covered": 100.0, "percent_covered_display": "100.0", "missing_lines": 0, "excluded_lines": 0}, "missing_lines": [], "excluded_lines": []}, "PenguiFlow._register_invocation_task": {"executed_lines": [911, 912, 913, 914, 915, 917, 925], "summary": {"covered_lines": 7, "num_statements": 7, "percent_covered": 100.0, "percent_covered_display": "100.0", "missing_lines": 0, "excluded_lines": 0}, "missing_lines": [], "excluded_lines": []}, "PenguiFlow._register_invocation_task._cleanup": {"executed_lines": [918, 919, 921, 922, 923], "summary": {"covered_lines": 5, "num_statements": 6, "percent_covered": 83.33333333333333, "percent_covered_display": "83.3", "missing_lines": 1, "excluded_lines": 0}, "missing_lines": [920], "excluded_lines": []}, "PenguiFlow._await_invocation": {"executed_lines": [934, 935, 937, 938, 939, 940, 942, 943, 944, 946, 947, 948, 949, 950, 952, 953, 954, 956, 957, 958, 959, 961, 962, 963, 964, 966, 967, 968, 969, 972, 973, 974, 975, 976, 977, 979, 983, 985, 986, 987, 988, 989, 990, 991], "summary": {"covered_lines": 44, "num_statements": 46, "percent_covered": 95.65217391304348, "percent_covered_display": "95.7", "missing_lines": 2, "excluded_lines": 0}, "missing_lines": [971, 978], "excluded_lines": []}, "PenguiFlow._get_trace_id": {"executed_lines": [994], "summary": {"covered_lines": 1, "num_statements": 1, "percent_covered": 100.0, "percent_covered_display": "100.0", "missing_lines": 0, "excluded_lines": 0}, "missing_lines": [], "excluded_lines": []}, "PenguiFlow._is_trace_cancelled": {"executed_lines": [997, 998], "summary": {"covered_lines": 2, "num_statements": 2, "percent_covered": 100.0, "percent_covered_display": "100.0", "missing_lines": 0, "excluded_lines": 0}, "missing_lines": [], "excluded_lines": []}, "PenguiFlow._on_message_enqueued": {"executed_lines": [1001, 1002, 1003, 1004, 1005], "summary": {"covered_lines": 5, "num_statements": 5, "percent_covered": 100.0, "percent_covered_display": "100.0", "missing_lines": 0, "excluded_lines": 0}, "missing_lines": [], "excluded_lines": []}, "PenguiFlow._node_label": {"executed_lines": [1008, 1010, 1011, 1012], "summary": {"covered_lines": 4, "num_statements": 6, "percent_covered": 66.66666666666667, "percent_covered_display": "66.7", "missing_lines": 2, "excluded_lines": 0}, "missing_lines": [1009, 1013], "excluded_lines": []}, "PenguiFlow._build_bus_envelope": {"executed_lines": [1021, 1022, 1023, 1024, 1025, 1026, 1027, 1028, 1029], "summary": {"covered_lines": 9, "num_statements": 9, "percent_covered": 100.0, "percent_covered_display": "100.0", "missing_lines": 0, "excluded_lines": 0}, "missing_lines": [], "excluded_lines": []}, "PenguiFlow._publish_to_bus": {"executed_lines": [1045, 1047, 1048, 1049, 1050, 1051], "summary": {"covered_lines": 6, "num_statements": 7, "percent_covered": 85.71428571428571, "percent_covered_display": "85.7", "missing_lines": 1, "excluded_lines": 0}, "missing_lines": [1046], "excluded_lines": []}, "PenguiFlow._schedule_bus_publish": {"executed_lines": [1067, 1069, 1070, 1071, 1073, 1076], "summary": {"covered_lines": 6, "num_statements": 7, "percent_covered": 85.71428571428571, "percent_covered_display": "85.7", "missing_lines": 1, "excluded_lines": 0}, "missing_lines": [1068], "excluded_lines": []}, "PenguiFlow._schedule_bus_publish._cleanup": {"executed_lines": [1074], "summary": {"covered_lines": 1, "num_statements": 1, "percent_covered": 100.0, "percent_covered_display": "100.0", "missing_lines": 0, "excluded_lines": 0}, "missing_lines": [], "excluded_lines": []}, "PenguiFlow._send_to_floe": {"executed_lines": [1079, 1080, 1081, 1082], "summary": {"covered_lines": 4, "num_statements": 4, "percent_covered": 100.0, "percent_covered_display": "100.0", "missing_lines": 0, "excluded_lines": 0}, "missing_lines": [], "excluded_lines": []}, "PenguiFlow._send_to_floe_nowait": {"executed_lines": [1085, 1086, 1087, 1088], "summary": {"covered_lines": 4, "num_statements": 4, "percent_covered": 100.0, "percent_covered_display": "100.0", "missing_lines": 0, "excluded_lines": 0}, "missing_lines": [], "excluded_lines": []}, "PenguiFlow._finalize_message": {"executed_lines": [1091, 1092, 1093, 1095, 1096, 1099, 1100, 1101, 1102, 1103, 1104, 1113, 1114, 1116, 1117, 1118], "summary": {"covered_lines": 16, "num_statements": 17, "percent_covered": 94.11764705882354, "percent_covered_display": "94.1", "missing_lines": 1, "excluded_lines": 0}, "missing_lines": [1097], "excluded_lines": []}, "PenguiFlow._drop_trace_from_floe": {"executed_lines": [1121, 1122, 1124, 1125, 1126, 1127, 1128, 1130, 1134, 1136, 1137], "summary": {"covered_lines": 11, "num_statements": 13, "percent_covered": 84.61538461538461, "percent_covered_display": "84.6", "missing_lines": 2, "excluded_lines": 0}, "missing_lines": [1131, 1132], "excluded_lines": []}, "PenguiFlow.cancel": {"executed_lines": [1140, 1143, 1144, 1145, 1147, 1148, 1149, 1150, 1161, 1163, 1164, 1166, 1167, 1168, 1170], "summary": {"covered_lines": 15, "num_statements": 16, "percent_covered": 93.75, "percent_covered_display": "93.8", "missing_lines": 1, "excluded_lines": 0}, "missing_lines": [1141], "excluded_lines": []}, "PenguiFlow._await_trace_capacity": {"executed_lines": [1173, 1176, 1177, 1178, 1179, 1180, 1181, 1182, 1183, 1184, 1185, 1187, 1188], "summary": {"covered_lines": 13, "num_statements": 20, "percent_covered": 65.0, "percent_covered_display": "65.0", "missing_lines": 7, "excluded_lines": 0}, "missing_lines": [1174, 1189, 1190, 1191, 1192, 1193, 1194], "excluded_lines": []}, "PenguiFlow._notify_trace_capacity": {"executed_lines": [1197, 1198, 1199, 1200, 1201], "summary": {"covered_lines": 5, "num_statements": 5, "percent_covered": 100.0, "percent_covered_display": "100.0", "missing_lines": 0, "excluded_lines": 0}, "missing_lines": [], "excluded_lines": []}, "PenguiFlow._expects_message_output": {"executed_lines": [1204, 1205, 1206, 1208, 1209, 1212, 1213, 1216, 1217, 1218, 1219, 1221, 1222], "summary": {"covered_lines": 11, "num_statements": 15, "percent_covered": 73.33333333333333, "percent_covered_display": "73.3", "missing_lines": 4, "excluded_lines": 2}, "missing_lines": [1210, 1214, 1223, 1224], "excluded_lines": [1218, 1219]}, "PenguiFlow._controller_postprocess": {"executed_lines": [1233, 1234, 1235, 1236, 1237, 1238, 1239, 1240, 1242, 1243, 1244, 1245, 1247, 1248, 1249, 1251, 1252, 1253, 1255, 1257, 1258, 1259, 1260, 1262, 1263, 1264, 1266, 1268, 1269, 1271, 1272, 1274], "summary": {"covered_lines": 32, "num_statements": 32, "percent_covered": 100.0, "percent_covered_display": "100.0", "missing_lines": 0, "excluded_lines": 0}, "missing_lines": [], "excluded_lines": []}, "PenguiFlow._deadline_expired": {"executed_lines": [1277, 1278, 1279], "summary": {"covered_lines": 3, "num_statements": 3, "percent_covered": 100.0, "percent_covered_display": "100.0", "missing_lines": 0, "excluded_lines": 0}, "missing_lines": [], "excluded_lines": []}, "PenguiFlow._handle_deadline_expired": {"executed_lines": [1282, 1283, 1284, 1285, 1286], "summary": {"covered_lines": 5, "num_statements": 5, "percent_covered": 100.0, "percent_covered_display": "100.0", "missing_lines": 0, "excluded_lines": 0}, "missing_lines": [], "excluded_lines": []}, "PenguiFlow._emit_to_rookery": {"executed_lines": [1291, 1292, 1294, 1295, 1296, 1297, 1298, 1300, 1301, 1309, 1310, 1311, 1312, 1313], "summary": {"covered_lines": 14, "num_statements": 19, "percent_covered": 73.6842105263158, "percent_covered_display": "73.7", "missing_lines": 5, "excluded_lines": 0}, "missing_lines": [1303, 1304, 1305, 1306, 1307], "excluded_lines": []}, "PenguiFlow._emit_event": {"executed_lines": [1328, 1329, 1330, 1331, 1332, 1334, 1335, 1336, 1337, 1338, 1339, 1340, 1342, 1360, 1361, 1362, 1363, 1365, 1367, 1368, 1369, 1370, 1371, 1372, 1382, 1383, 1384, 1385, 1386], "summary": {"covered_lines": 27, "num_statements": 27, "percent_covered": 100.0, "percent_covered_display": "100.0", "missing_lines": 0, "excluded_lines": 2}, "missing_lines": [], "excluded_lines": [1385, 1386]}, "PenguiFlow._ensure_registry_covers_nodes": {"executed_lines": [1397, 1398, 1399, 1400, 1401, 1402, 1404, 1405, 1406, 1407, 1409, 1410, 1411], "summary": {"covered_lines": 13, "num_statements": 14, "percent_covered": 92.85714285714286, "percent_covered_display": "92.9", "missing_lines": 1, "excluded_lines": 0}, "missing_lines": [1403], "excluded_lines": []}, "call_playbook": {"executed_lines": [1426, 1427, 1429, 1430, 1431, 1433, 1434, 1436, 1437, 1440, 1441, 1442, 1443, 1444, 1445, 1446, 1448, 1450, 1451, 1452, 1453, 1454, 1455, 1458, 1459, 1460, 1461, 1462, 1463, 1466, 1467, 1468, 1469, 1470, 1471, 1473, 1474, 1475, 1476], "summary": {"covered_lines": 39, "num_statements": 42, "percent_covered": 92.85714285714286, "percent_covered_display": "92.9", "missing_lines": 3, "excluded_lines": 0}, "missing_lines": [1456, 1464, 1465], "excluded_lines": []}, "create": {"executed_lines": [1482], "summary": {"covered_lines": 1, "num_statements": 1, "percent_covered": 100.0, "percent_covered_display": "100.0", "missing_lines": 0, "excluded_lines": 0}, "missing_lines": [], "excluded_lines": []}, "": {"executed_lines": [1, 6, 8, 9, 10, 11, 12, 13, 14, 15, 16, 17, 19, 20, 21, 22, 23, 24, 25, 26, 28, 30, 33, 39, 40, 41, 43, 46, 47, 50, 51, 52, 54, 57, 58, 61, 62, 64, 66, 78, 79, 81, 86, 87, 89, 98, 106, 107, 110, 111, 116, 121, 126, 150, 156, 162, 223, 233, 244, 266, 269, 272, 275, 292, 293, 295, 328, 329, 332, 335, 379, 408, 422, 481, 520, 529, 538, 561, 566, 571, 578, 583, 604, 624, 649, 827, 834, 863, 893, 910, 927, 993, 996, 1000, 1007, 1015, 1039, 1061, 1078, 1084, 1090, 1120, 1139, 1172, 1196, 1203, 1226, 1276, 1281, 1288, 1315, 1396, 1414, 1417, 1479, 1485], "summary": {"covered_lines": 109, "num_statements": 109, "percent_covered": 100.0, "percent_covered_display": "100.0", "missing_lines": 0, "excluded_lines": 0}, "missing_lines": [], "excluded_lines": []}}, "classes": {"CycleError": {"executed_lines": [], "summary": {"covered_lines": 0, "num_statements": 0, "percent_covered": 100.0, "percent_covered_display": "100.0", "missing_lines": 0, "excluded_lines": 0}, "missing_lines": [], "excluded_lines": []}, "Endpoint": {"executed_lines": [], "summary": {"covered_lines": 0, "num_statements": 0, "percent_covered": 100.0, "percent_covered_display": "100.0", "missing_lines": 0, "excluded_lines": 0}, "missing_lines": [], "excluded_lines": []}, "Floe": {"executed_lines": [73, 74, 75], "summary": {"covered_lines": 3, "num_statements": 3, "percent_covered": 100.0, "percent_covered_display": "100.0", "missing_lines": 0, "excluded_lines": 0}, "missing_lines": [], "excluded_lines": []}, "TraceCancelled": {"executed_lines": [82, 83], "summary": {"covered_lines": 2, "num_statements": 2, "percent_covered": 100.0, "percent_covered_display": "100.0", "missing_lines": 0, "excluded_lines": 0}, "missing_lines": [], "excluded_lines": []}, "Context": {"executed_lines": [99, 100, 101, 102, 103, 104, 108, 114, 117, 119, 122, 124, 131, 134, 135, 137, 138, 140, 141, 142, 143, 147, 148, 151, 153, 154, 157, 159, 160, 181, 182, 183, 184, 187, 189, 191, 199, 201, 209, 210, 213, 214, 216, 218, 219, 221, 224, 226, 227, 228, 229, 230, 231, 234, 235, 237, 238, 240, 241, 242, 245, 248, 249, 252, 253, 255, 256, 257, 258, 259, 261, 262, 263, 264, 267, 270, 273, 284], "summary": {"covered_lines": 78, "num_statements": 92, "percent_covered": 84.78260869565217, "percent_covered_display": "84.8", "missing_lines": 14, "excluded_lines": 0}, "missing_lines": [118, 123, 132, 144, 145, 146, 152, 158, 186, 211, 225, 239, 246, 250], "excluded_lines": []}, "PenguiFlow": {"executed_lines": [305, 306, 307, 308, 309, 310, 311, 312, 313, 314, 315, 316, 317, 318, 319, 320, 321, 322, 323, 324, 326, 333, 336, 337, 338, 339, 340, 341, 342, 344, 347, 348, 349, 350, 352, 353, 354, 355, 356, 357, 358, 359, 360, 363, 364, 365, 366, 367, 368, 371, 372, 373, 374, 375, 376, 377, 380, 383, 385, 386, 387, 389, 390, 391, 392, 394, 395, 397, 398, 399, 400, 401, 402, 403, 405, 406, 409, 410, 411, 412, 413, 414, 415, 417, 418, 419, 420, 423, 424, 425, 426, 427, 428, 438, 439, 440, 441, 442, 455, 456, 457, 458, 468, 469, 470, 479, 482, 484, 485, 486, 487, 488, 498, 508, 511, 512, 513, 514, 517, 518, 521, 522, 523, 524, 525, 526, 527, 530, 531, 532, 536, 551, 562, 563, 564, 574, 576, 581, 586, 588, 589, 590, 591, 592, 594, 595, 596, 598, 599, 600, 602, 607, 609, 610, 637, 638, 655, 656, 658, 659, 662, 663, 673, 674, 681, 682, 683, 690, 692, 693, 700, 701, 702, 704, 707, 708, 709, 711, 713, 714, 723, 724, 725, 726, 727, 728, 729, 730, 731, 742, 743, 744, 745, 746, 756, 764, 765, 766, 767, 777, 778, 779, 780, 781, 782, 793, 794, 804, 812, 813, 814, 815, 825, 828, 829, 830, 832, 846, 847, 848, 849, 850, 851, 852, 853, 873, 874, 875, 879, 890, 891, 900, 901, 903, 904, 905, 906, 908, 911, 912, 913, 914, 915, 917, 918, 919, 921, 922, 923, 925, 934, 935, 937, 938, 939, 940, 942, 943, 944, 946, 947, 948, 949, 950, 952, 953, 954, 956, 957, 958, 959, 961, 962, 963, 964, 966, 967, 968, 969, 972, 973, 974, 975, 976, 977, 979, 983, 985, 986, 987, 988, 989, 990, 991, 994, 997, 998, 1001, 1002, 1003, 1004, 1005, 1008, 1010, 1011, 1012, 1021, 1022, 1023, 1024, 1025, 1026, 1027, 1028, 1029, 1045, 1047, 1048, 1049, 1050, 1051, 1067, 1069, 1070, 1071, 1073, 1074, 1076, 1079, 1080, 1081, 1082, 1085, 1086, 1087, 1088, 1091, 1092, 1093, 1095, 1096, 1099, 1100, 1101, 1102, 1103, 1104, 1113, 1114, 1116, 1117, 1118, 1121, 1122, 1124, 1125, 1126, 1127, 1128, 1130, 1134, 1136, 1137, 1140, 1143, 1144, 1145, 1147, 1148, 1149, 1150, 1161, 1163, 1164, 1166, 1167, 1168, 1170, 1173, 1176, 1177, 1178, 1179, 1180, 1181, 1182, 1183, 1184, 1185, 1187, 1188, 1197, 1198, 1199, 1200, 1201, 1204, 1205, 1206, 1208, 1209, 1212, 1213, 1216, 1217, 1218, 1219, 1221, 1222, 1233, 1234, 1235, 1236, 1237, 1238, 1239, 1240, 1242, 1243, 1244, 1245, 1247, 1248, 1249, 1251, 1252, 1253, 1255, 1257, 1258, 1259, 1260, 1262, 1263, 1264, 1266, 1268, 1269, 1271, 1272, 1274, 1277, 1278, 1279, 1282, 1283, 1284, 1285, 1286, 1291, 1292, 1294, 1295, 1296, 1297, 1298, 1300, 1301, 1309, 1310, 1311, 1312, 1313, 1328, 1329, 1330, 1331, 1332, 1334, 1335, 1336, 1337, 1338, 1339, 1340, 1342, 1360, 1361, 1362, 1363, 1365, 1367, 1368, 1369, 1370, 1371, 1372, 1382, 1383, 1384, 1385, 1386, 1397, 1398, 1399, 1400, 1401, 1402, 1404, 1405, 1406, 1407, 1409, 1410, 1411], "summary": {"covered_lines": 501, "num_statements": 570, "percent_covered": 87.89473684210526, "percent_covered_display": "87.9", "missing_lines": 69, "excluded_lines": 6}, "missing_lines": [330, 381, 443, 452, 453, 483, 489, 490, 491, 492, 493, 494, 495, 496, 497, 499, 500, 501, 502, 503, 504, 505, 506, 507, 509, 510, 515, 516, 533, 534, 535, 567, 568, 569, 575, 587, 597, 608, 660, 705, 831, 920, 971, 978, 1009, 1013, 1046, 1068, 1097, 1131, 1132, 1141, 1174, 1189, 1190, 1191, 1192, 1193, 1194, 1210, 1214, 1223, 1224, 1303, 1304, 1305, 1306, 1307, 1403], "excluded_lines": [611, 612, 1218, 1219, 1385, 1386]}, "": {"executed_lines": [1, 6, 8, 9, 10, 11, 12, 13, 14, 15, 16, 17, 19, 20, 21, 22, 23, 24, 25, 26, 28, 30, 33, 34, 36, 39, 40, 41, 43, 46, 47, 50, 51, 52, 54, 57, 58, 61, 62, 64, 66, 78, 79, 81, 86, 87, 89, 98, 106, 107, 110, 111, 116, 121, 126, 150, 156, 162, 223, 233, 244, 266, 269, 272, 275, 292, 293, 295, 328, 329, 332, 335, 379, 408, 422, 481, 520, 529, 538, 561, 566, 571, 578, 583, 604, 624, 649, 827, 834, 863, 893, 910, 927, 993, 996, 1000, 1007, 1015, 1039, 1061, 1078, 1084, 1090, 1120, 1139, 1172, 1196, 1203, 1226, 1276, 1281, 1288, 1315, 1396, 1414, 1417, 1426, 1427, 1429, 1430, 1431, 1433, 1434, 1436, 1437, 1440, 1441, 1442, 1443, 1444, 1445, 1446, 1448, 1450, 1451, 1452, 1453, 1454, 1455, 1458, 1459, 1460, 1461, 1462, 1463, 1466, 1467, 1468, 1469, 1470, 1471, 1473, 1474, 1475, 1476, 1479, 1482, 1485], "summary": {"covered_lines": 151, "num_statements": 155, "percent_covered": 97.41935483870968, "percent_covered_display": "97.4", "missing_lines": 4, "excluded_lines": 0}, "missing_lines": [35, 1456, 1464, 1465], "excluded_lines": []}}}, "penguiflow/debug.py": {"executed_lines": [1, 3, 5, 6, 8, 11, 19, 20, 21, 23, 24, 25, 26, 29], "summary": {"covered_lines": 13, "num_statements": 13, "percent_covered": 100.0, "percent_covered_display": "100.0", "missing_lines": 0, "excluded_lines": 0}, "missing_lines": [], "excluded_lines": [], "functions": {"format_flow_event": {"executed_lines": [19, 20, 21, 23, 24, 25, 26], "summary": {"covered_lines": 7, "num_statements": 7, "percent_covered": 100.0, "percent_covered_display": "100.0", "missing_lines": 0, "excluded_lines": 0}, "missing_lines": [], "excluded_lines": []}, "": {"executed_lines": [1, 3, 5, 6, 8, 11, 29], "summary": {"covered_lines": 6, "num_statements": 6, "percent_covered": 100.0, "percent_covered_display": "100.0", "missing_lines": 0, "excluded_lines": 0}, "missing_lines": [], "excluded_lines": []}}, "classes": {"": {"executed_lines": [1, 3, 5, 6, 8, 11, 19, 20, 21, 23, 24, 25, 26, 29], "summary": {"covered_lines": 13, "num_statements": 13, "percent_covered": 100.0, "percent_covered_display": "100.0", "missing_lines": 0, "excluded_lines": 0}, "missing_lines": [], "excluded_lines": []}}}, "penguiflow/errors.py": {"executed_lines": [1, 3, 5, 6, 7, 10, 11, 13, 14, 15, 16, 17, 18, 21, 22, 24, 35, 46, 47, 48, 49, 50, 51, 52, 53, 54, 56, 61, 64, 66, 69, 73, 74, 75, 76, 77, 78, 79, 80, 81, 82, 83, 85, 86, 99, 100, 111], "summary": {"covered_lines": 43, "num_statements": 43, "percent_covered": 100.0, "percent_covered_display": "100.0", "missing_lines": 0, "excluded_lines": 4}, "missing_lines": [], "excluded_lines": [56, 57, 58, 59], "functions": {"FlowError.__init__": {"executed_lines": [46, 47, 48, 49, 50, 51, 52, 53, 54], "summary": {"covered_lines": 9, "num_statements": 9, "percent_covered": 100.0, "percent_covered_display": "100.0", "missing_lines": 0, "excluded_lines": 0}, "missing_lines": [], "excluded_lines": []}, "FlowError.__str__": {"executed_lines": [], "summary": {"covered_lines": 0, "num_statements": 0, "percent_covered": 100.0, "percent_covered_display": "100.0", "missing_lines": 0, "excluded_lines": 3}, "missing_lines": [], "excluded_lines": [57, 58, 59]}, "FlowError.unwrap": {"executed_lines": [64], "summary": {"covered_lines": 1, "num_statements": 1, "percent_covered": 100.0, "percent_covered_display": "100.0", "missing_lines": 0, "excluded_lines": 0}, "missing_lines": [], "excluded_lines": []}, "FlowError.to_payload": {"executed_lines": [69, 73, 74, 75, 76, 77, 78, 79, 80, 81, 82, 83], "summary": {"covered_lines": 12, "num_statements": 12, "percent_covered": 100.0, "percent_covered_display": "100.0", "missing_lines": 0, "excluded_lines": 0}, "missing_lines": [], "excluded_lines": []}, "FlowError.from_exception": {"executed_lines": [99, 100], "summary": {"covered_lines": 2, "num_statements": 2, "percent_covered": 100.0, "percent_covered_display": "100.0", "missing_lines": 0, "excluded_lines": 0}, "missing_lines": [], "excluded_lines": []}, "": {"executed_lines": [1, 3, 5, 6, 7, 10, 11, 13, 14, 15, 16, 17, 18, 21, 22, 24, 35, 56, 61, 66, 85, 86, 111], "summary": {"covered_lines": 19, "num_statements": 19, "percent_covered": 100.0, "percent_covered_display": "100.0", "missing_lines": 0, "excluded_lines": 1}, "missing_lines": [], "excluded_lines": [56]}}, "classes": {"FlowErrorCode": {"executed_lines": [], "summary": {"covered_lines": 0, "num_statements": 0, "percent_covered": 100.0, "percent_covered_display": "100.0", "missing_lines": 0, "excluded_lines": 0}, "missing_lines": [], "excluded_lines": []}, "FlowError": {"executed_lines": [46, 47, 48, 49, 50, 51, 52, 53, 54, 64, 69, 73,
[...]
 76, 77, 78, 79, 82, 83, 84, 85, 86, 87, 89, 94, 135, 159, 219, 290, 338, 364, 371, 375, 399, 418, 439, 460, 484, 523, 569, 620, 639, 693, 751, 769, 773, 799, 828, 842, 847, 869, 881, 935, 1005, 1042, 1070, 1138, 1159, 1215, 1233, 1248, 1272, 1289, 1330, 1366, 1484, 1496, 1509, 1521, 1550, 1583, 1640, 1694, 1725, 1748, 1775, 1779, 1780, 1784, 1785, 1789, 1790, 1795], "summary": {"covered_lines": 101, "num_statements": 101, "percent_covered": 100.0, "percent_covered_display": "100.0", "missing_lines": 0, "excluded_lines": 2}, "missing_lines": [], "excluded_lines": [58, 59]}}}, "penguiflow/tools/presets.py": {"executed_lines": [1, 27, 29, 31, 41, 107, 109, 110, 111, 118, 170, 214, 243, 283, 291, 313, 314, 315, 316, 319, 338, 339, 340, 342, 343, 344, 347, 366, 367, 368, 370, 381, 383, 386, 395, 396, 406], "summary": {"covered_lines": 36, "num_statements": 36, "percent_covered": 100.0, "percent_covered_display": "100.0", "missing_lines": 0, "excluded_lines": 0}, "missing_lines": [], "excluded_lines": [], "functions": {"get_preset": {"executed_lines": [109, 110, 111], "summary": {"covered_lines": 3, "num_statements": 3, "percent_covered": 100.0, "percent_covered_display": "100.0", "missing_lines": 0, "excluded_lines": 0}, "missing_lines": [], "excluded_lines": []}, "get_artifact_preset": {"executed_lines": [313, 314, 315, 316], "summary": {"covered_lines": 4, "num_statements": 4, "percent_covered": 100.0, "percent_covered_display": "100.0", "missing_lines": 0, "excluded_lines": 0}, "missing_lines": [], "excluded_lines": []}, "get_artifact_preset_with_overrides": {"executed_lines": [338, 339, 340, 342, 343, 344], "summary": {"covered_lines": 6, "num_statements": 6, "percent_covered": 100.0, "percent_covered_display": "100.0", "missing_lines": 0, "excluded_lines": 0}, "missing_lines": [], "excluded_lines": []}, "merge_artifact_preset": {"executed_lines": [366, 367, 368, 370], "summary": {"covered_lines": 4, "num_statements": 4, "percent_covered": 100.0, "percent_covered_display": "100.0", "missing_lines": 0, "excluded_lines": 0}, "missing_lines": [], "excluded_lines": []}, "list_artifact_presets": {"executed_lines": [383], "summary": {"covered_lines": 1, "num_statements": 1, "percent_covered": 100.0, "percent_covered_display": "100.0", "missing_lines": 0, "excluded_lines": 0}, "missing_lines": [], "excluded_lines": []}, "get_artifact_preset_info": {"executed_lines": [395, 396], "summary": {"covered_lines": 2, "num_statements": 2, "percent_covered": 100.0, "percent_covered_display": "100.0", "missing_lines": 0, "excluded_lines": 0}, "missing_lines": [], "excluded_lines": []}, "": {"executed_lines": [1, 27, 29, 31, 41, 107, 118, 170, 214, 243, 283, 291, 319, 347, 381, 386, 406], "summary": {"covered_lines": 16, "num_statements": 16, "percent_covered": 100.0, "percent_covered_display": "100.0", "missing_lines": 0, "excluded_lines": 0}, "missing_lines": [], "excluded_lines": []}}, "classes": {"": {"executed_lines": [1, 27, 29, 31, 41, 107, 109, 110, 111, 118, 170, 214, 243, 283, 291, 313, 314, 315, 316, 319, 338, 339, 340, 342, 343, 344, 347, 366, 367, 368, 370, 381, 383, 386, 395, 396, 406], "summary": {"covered_lines": 36, "num_statements": 36, "percent_covered": 100.0, "percent_covered_display": "100.0", "missing_lines": 0, "excluded_lines": 0}, "missing_lines": [], "excluded_lines": []}}}, "penguiflow/tools/resources.py": {"executed_lines": [1, 12, 14, 15, 16, 17, 18, 20, 22, 26, 34, 42, 43, 45, 46, 48, 49, 51, 52, 54, 55, 57, 58, 60, 61, 64, 65, 67, 68, 70, 71, 73, 74, 76, 77, 80, 81, 83, 84, 86, 87, 89, 90, 92, 93, 96, 97, 99, 100, 102, 103, 105, 106, 108, 109, 117, 118, 119, 121, 122, 123, 124, 125, 133, 134, 144, 157, 158, 159, 160, 161, 162, 164, 180, 181, 183, 184, 185, 187, 193, 194, 195, 198, 200, 209, 212, 215, 217, 218, 219, 227, 230, 233, 237, 238, 240, 242, 243, 244, 249, 250, 251, 252, 253, 254, 259, 261, 262, 263, 264, 265, 266, 267, 270, 275, 276, 277, 278, 279, 280, 282, 284, 286, 288, 292, 293, 295, 306, 307, 308, 309, 310, 312, 318, 319, 320, 321, 323, 324, 326, 334, 335, 336, 338, 339, 340, 343, 344, 350, 356, 357, 358, 360, 376, 377, 378, 380, 381, 382, 387, 388, 393, 407, 408, 409, 411, 412, 413, 414, 415, 420, 426, 427, 428, 429, 430, 431, 432, 436, 437, 439, 441, 443], "summary": {"covered_lines": 173, "num_statements": 190, "percent_covered": 91.05263157894737, "percent_covered_display": "91.1", "missing_lines": 17, "excluded_lines": 3}, "missing_lines": [188, 189, 190, 192, 221, 224, 255, 256, 257, 389, 390, 391, 416, 417, 418, 433, 434], "excluded_lines": [22, 23, 24], "functions": {"ResourceCache.__init__": {"executed_lines": [157, 158, 159, 160, 161, 162], "summary": {"covered_lines": 6, "num_statements": 6, "percent_covered": 100.0, "percent_covered_display": "100.0", "missing_lines": 0, "excluded_lines": 0}, "missing_lines": [], "excluded_lines": []}, "ResourceCache.get_or_fetch": {"executed_lines": [180, 181, 183, 184, 185, 187, 193, 194, 195, 198], "summary": {"covered_lines": 10, "num_statements": 14, "percent_covered": 71.42857142857143, "percent_covered_display": "71.4", "missing_lines": 4, "excluded_lines": 0}, "missing_lines": [188, 189, 190, 192], "excluded_lines": []}, "ResourceCache._fetch_and_store": {"executed_lines": [209, 212, 215, 217, 218, 219, 227, 230, 233, 237, 238, 240, 242, 243, 244, 249, 250, 251, 252, 253, 254, 259, 261, 262, 263, 264, 265, 266, 267, 270, 275, 276, 277, 278, 279, 280, 282], "summary": {"covered_lines": 37, "num_statements": 42, "percent_covered": 88.0952380952381, "percent_covered_display": "88.1", "missing_lines": 5, "excluded_lines": 0}, "missing_lines": [221, 224, 255, 256, 257], "excluded_lines": []}, "ResourceCache._maybe_evict": {"executed_lines": [286, 288, 292, 293], "summary": {"covered_lines": 4, "num_statements": 4, "percent_covered": 100.0, "percent_covered_display": "100.0", "missing_lines": 0, "excluded_lines": 0}, "missing_lines": [], "excluded_lines": []}, "ResourceCache.invalidate": {"executed_lines": [306, 307, 308, 309, 310], "summary": {"covered_lines": 5, "num_statements": 5, "percent_covered": 100.0, "percent_covered_display": "100.0", "missing_lines": 0, "excluded_lines": 0}, "missing_lines": [], "excluded_lines": []}, "ResourceCache.invalidate_all": {"executed_lines": [318, 319, 320, 321], "summary": {"covered_lines": 4, "num_statements": 4, "percent_covered": 100.0, "percent_covered_display": "100.0", "missing_lines": 0, "excluded_lines": 0}, "missing_lines": [], "excluded_lines": []}, "ResourceCache.size": {"executed_lines": [326], "summary": {"covered_lines": 1, "num_statements": 1, "percent_covered": 100.0, "percent_covered_display": "100.0", "missing_lines": 0, "excluded_lines": 0}, "missing_lines": [], "excluded_lines": []}, "ResourceSubscriptionManager.__init__": {"executed_lines": [356, 357, 358], "summary": {"covered_lines": 3, "num_statements": 3, "percent_covered": 100.0, "percent_covered_display": "100.0", "missing_lines": 0, "excluded_lines": 0}, "missing_lines": [], "excluded_lines": []}, "ResourceSubscriptionManager.subscribe": {"executed_lines": [376, 377, 378, 380, 381, 382, 387, 388], "summary": {"covered_lines": 8, "num_statements": 11, "percent_covered": 72.72727272727273, "percent_covered_display": "72.7", "missing_lines": 3, "excluded_lines": 0}, "missing_lines": [389, 390, 391], "excluded_lines": []}, "ResourceSubscriptionManager.unsubscribe": {"executed_lines": [407, 408, 409, 411, 412, 413, 414, 415], "summary": {"covered_lines": 8, "num_statements": 11, "percent_covered": 72.72727272727273, "percent_covered_display": "72.7", "missing_lines": 3, "excluded_lines": 0}, "missing_lines": [416, 417, 418], "excluded_lines": []}, "ResourceSubscriptionManager.handle_update": {"executed_lines": [426, 427, 428, 429, 430, 431, 432], "summary": {"covered_lines": 7, "num_statements": 9, "percent_covered": 77.77777777777777, "percent_covered_display": "77.8", "missing_lines": 2, "excluded_lines": 0}, "missing_lines": [433, 434], "excluded_lines": []}, "ResourceSubscriptionManager.subscribed_uris": {"executed_lines": [439], "summary": {"covered_lines": 1, "num_statements": 1, "percent_covered": 100.0, "percent_covered_display": "100.0", "missing_lines": 0, "excluded_lines": 0}, "missing_lines": [], "excluded_lines": []}, "ResourceSubscriptionManager.is_subscribed": {"executed_lines": [443], "summary": {"covered_lines": 1, "num_statements": 1, "percent_covered": 100.0, "percent_covered_display": "100.0", "missing_lines": 0, "excluded_lines": 0}, "missing_lines": [], "excluded_lines": []}, "": {"executed_lines": [1, 12, 14, 15, 16, 17, 18, 20, 22, 26, 34, 42, 43, 45, 46, 48, 49, 51, 52, 54, 55, 57, 58, 60, 61, 64, 65, 67, 68, 70, 71, 73, 74, 76, 77, 80, 81, 83, 84, 86, 87, 89, 90, 92, 93, 96, 97, 99, 100, 102, 103, 105, 106, 108, 109, 117, 118, 119, 121, 122, 123, 124, 125, 133, 134, 144, 164, 200, 284, 295, 312, 323, 324, 334, 335, 336, 338, 339, 340, 343, 344, 350, 360, 393, 420, 436, 437, 441], "summary": {"covered_lines": 78, "num_statements": 78, "percent_covered": 100.0, "percent_covered_display": "100.0", "missing_lines": 0, "excluded_lines": 3}, "missing_lines": [], "excluded_lines": [22, 23, 24]}}, "classes": {"ResourceInfo": {"executed_lines": [], "summary": {"covered_lines": 0, "num_statements": 0, "percent_covered": 100.0, "percent_covered_display": "100.0", "missing_lines": 0, "excluded_lines": 0}, "missing_lines": [], "excluded_lines": []}, "ResourceTemplateInfo": {"executed_lines": [], "summary": {"covered_lines": 0, "num_statements": 0, "percent_covered": 100.0, "percent_covered_display": "100.0", "missing_lines": 0, "excluded_lines": 0}, "missing_lines": [], "excluded_lines": []}, "ResourceContents": {"executed_lines": [], "summary": {"covered_lines": 0, "num_statements": 0, "percent_covered": 100.0, "percent_covered_display": "100.0", "missing_lines": 0, "excluded_lines": 0}, "missing_lines": [], "excluded_lines": []}, "ResourceCacheConfig": {"executed_lines": [], "summary": {"covered_lines": 0, "num_statements": 0, "percent_covered": 100.0, "percent_covered_display": "100.0", "missing_lines": 0, "excluded_lines": 0}, "missing_lines": [], "excluded_lines": []}, "_CacheEntry": {"executed_lines": [], "summary": {"covered_lines": 0, "num_statements": 0, "percent_covered": 100.0, "percent_covered_display": "100.0", "missing_lines": 0, "excluded_lines": 0}, "missing_lines": [], "excluded_lines": []}, "ResourceCache": {"executed_lines": [157, 158, 159, 160, 161, 162, 180, 181, 183, 184, 185, 187, 193, 194, 195, 198, 209, 212, 215, 217, 218, 219, 227, 230, 233, 237, 238, 240, 242, 243, 244, 249, 250, 251, 252, 253, 254, 259, 261, 262, 263, 264, 265, 266, 267, 270, 275, 276, 277, 278, 279, 280, 282, 286, 288, 292, 293, 306, 307, 308, 309, 310, 318, 319, 320, 321, 326], "summary": {"covered_lines": 67, "num_statements": 76, "percent_covered": 88.15789473684211, "percent_covered_display": "88.2", "missing_lines": 9, "excluded_lines": 0}, "missing_lines": [188, 189, 190, 192, 221, 224, 255, 256, 257], "excluded_lines": []}, "ResourceSubscription": {"executed_lines": [], "summary": {"covered_lines": 0, "num_statements": 0, "percent_covered": 100.0, "percent_covered_display": "100.0", "missing_lines": 0, "excluded_lines": 0}, "missing_lines": [], "excluded_lines": []}, "ResourceSubscriptionManager": {"executed_lines": [356, 357, 358, 376, 377, 378, 380, 381, 382, 387, 388, 407, 408, 409, 411, 412, 413, 414, 415, 426, 427, 428, 429, 430, 431, 432, 439, 443], "summary": {"covered_lines": 28, "num_statements": 36, "percent_covered": 77.77777777777777, "percent_covered_display": "77.8", "missing_lines": 8, "excluded_lines": 0}, "missing_lines": [389, 390, 391, 416, 417, 418, 433, 434], "excluded_lines": []}, "": {"executed_lines": [1, 12, 14, 15, 16, 17, 18, 20, 22, 26, 34, 42, 43, 45, 46, 48, 49, 51, 52, 54, 55, 57, 58, 60, 61, 64, 65, 67, 68, 70, 71, 73, 74, 76, 77, 80, 81, 83, 84, 86, 87, 89, 90, 92, 93, 96, 97, 99, 100, 102, 103, 105, 106, 108, 109, 117, 118, 119, 121, 122, 123, 124, 125, 133, 134, 144, 164, 200, 284, 295, 312, 323, 324, 334, 335, 336, 338, 339, 340, 343, 344, 350, 360, 393, 420, 436, 437, 441], "summary": {"covered_lines": 78, "num_statements": 78, "percent_covered": 100.0, "percent_covered_display": "100.0", "missing_lines": 0, "excluded_lines": 3}, "missing_lines": [], "excluded_lines": [22, 23, 24]}}}, "penguiflow/types.py": {"executed_lines": [1, 3, 5, 6, 7, 9, 12, 13, 14, 15, 18, 19, 20, 21, 22, 23, 24, 27, 28, 30, 31, 32, 33, 34, 37, 38, 39, 40, 43, 44, 45, 46, 49, 50, 51, 52, 53, 54, 55, 56, 59, 60, 61, 64], "summary": {"covered_lines": 42, "num_statements": 42, "percent_covered": 100.0, "percent_covered_display": "100.0", "missing_lines": 0, "excluded_lines": 0}, "missing_lines": [], "excluded_lines": [], "functions": {"": {"executed_lines": [1, 3, 5, 6, 7, 9, 12, 13, 14, 15, 18, 19, 20, 21, 22, 23, 24, 27, 28, 30, 31, 32, 33, 34, 37, 38, 39, 40, 43, 44, 45, 46, 49, 50, 51, 52, 53, 54, 55, 56, 59, 60, 61, 64], "summary": {"covered_lines": 42, "num_statements": 42, "percent_covered": 100.0, "percent_covered_display": "100.0", "missing_lines": 0, "excluded_lines": 0}, "missing_lines": [], "excluded_lines": []}}, "classes": {"Headers": {"executed_lines": [], "summary": {"covered_lines": 0, "num_statements": 0, "percent_covered": 100.0, "percent_covered_display": "100.0", "missing_lines": 0, "excluded_lines": 0}, "missing_lines": [], "excluded_lines": []}, "Message": {"executed_lines": [], "summary": {"covered_lines": 0, "num_statements": 0, "percent_covered": 100.0, "percent_covered_display": "100.0", "missing_lines": 0, "excluded_lines": 0}, "missing_lines": [], "excluded_lines": []}, "StreamChunk": {"executed_lines": [], "summary": {"covered_lines": 0, "num_statements": 0, "percent_covered": 100.0, "percent_covered_display": "100.0", "missing_lines": 0, "excluded_lines": 0}, "missing_lines": [], "excluded_lines": []}, "PlanStep": {"executed_lines": [], "summary": {"covered_lines": 0, "num_statements": 0, "percent_covered": 100.0, "percent_covered_display": "100.0", "missing_lines": 0, "excluded_lines": 0}, "missing_lines": [], "excluded_lines": []}, "Thought": {"executed_lines": [], "summary": {"covered_lines": 0, "num_statements": 0, "percent_covered": 100.0, "percent_covered_display": "100.0", "missing_lines": 0, "excluded_lines": 0}, "missing_lines": [], "excluded_lines": []}, "WM": {"executed_lines": [], "summary": {"covered_lines": 0, "num_statements": 0, "percent_covered": 100.0, "percent_covered_display": "100.0", "missing_lines": 0, "excluded_lines": 0}, "missing_lines": [], "excluded_lines": []}, "FinalAnswer": {"executed_lines": [], "summary": {"covered_lines": 0, "num_statements": 0, "percent_covered": 100.0, "percent_covered_display": "100.0", "missing_lines": 0, "excluded_lines": 0}, "missing_lines": [], "excluded_lines": []}, "": {"executed_lines": [1, 3, 5, 6, 7, 9, 12, 13, 14, 15, 18, 19, 20, 21, 22, 23, 24, 27, 28, 30, 31, 32, 33, 34, 37, 38, 39, 40, 43, 44, 45, 46, 49, 50, 51, 52, 53, 54, 55, 56, 59, 60, 61, 64], "summary": {"covered_lines": 42, "num_statements": 42, "percent_covered": 100.0, "percent_covered_display": "100.0", "missing_lines": 0, "excluded_lines": 0}, "missing_lines": [], "excluded_lines": []}}}, "penguiflow/viz.py": {"executed_lines": [1, 3, 5, 6, 7, 9, 10, 12, 15, 18, 19, 20, 21, 22, 25, 26, 27, 28, 29, 32, 43, 45, 46, 51, 53, 54, 55, 56, 57, 59, 60, 61, 62, 64, 65, 66, 67, 69, 70, 71, 73, 76, 87, 89, 90, 92, 93, 94, 95, 96, 97, 98, 99, 100, 101, 102, 104, 105, 106, 107, 109, 111, 112, 115, 116, 117, 118, 119, 121, 122, 123, 124, 125, 126, 127, 128, 129, 130, 131, 132, 133, 134, 135, 137, 138, 139, 140, 142, 143, 144, 145, 146, 147, 148, 149, 150, 152, 153, 155, 156, 157, 160, 163, 164, 165, 166, 167, 168, 171, 172, 173, 174, 175, 176, 177, 178, 181, 182], "summary": {"covered_lines": 116, "num_statements": 118, "percent_covered": 98.30508474576271, "percent_covered_display": "98.3", "missing_lines": 2, "excluded_lines": 2}, "missing_lines": [141, 158], "excluded_lines": [12, 13], "functions": {"flow_to_mermaid": {"executed_lines": [43, 45, 46, 51, 53, 54, 55, 56, 57, 59, 60, 61, 62, 64, 65, 66, 67, 69, 70, 71, 73], "summary": {"covered_lines": 21, "num_statements": 21, "percent_covered": 100.0, "percent_covered_display": "100.0", "missing_lines": 0, "excluded_lines": 0}, "missing_lines": [], "excluded_lines": []}, "flow_to_dot": {"executed_lines": [87, 89, 90, 92, 93, 94, 95, 96, 97, 98, 99, 100, 101, 102, 104, 105, 106, 107, 109, 111, 112], "summary": {"covered_lines": 21, "num_statements": 21, "percent_covered": 100.0, "percent_covered_display": "100.0", "missing_lines": 0, "excluded_lines": 0}, "missing_lines": [], "excluded_lines": []}, "_collect_graph": {"executed_lines": [116, 117, 118, 119, 121, 137, 138, 139, 140, 142, 143, 144, 145, 146, 147, 148, 149, 150, 152, 153, 155, 156, 157, 160], "summary": {"covered_lines": 24, "num_statements": 26, "percent_covered": 92.3076923076923, "percent_covered_display": "92.3", "missing_lines": 2, "excluded_lines": 0}, "missing_lines": [141, 158], "excluded_lines": []}, "_collect_graph.ensure_node": {"executed_lines": [122, 123, 124, 125, 126, 127, 128, 129, 130, 131, 132, 133, 134, 135], "summary": {"covered_lines": 14, "num_statements": 14, "percent_covered": 100.0, "percent_covered_display": "100.0", "missing_lines": 0, "excluded_lines": 0}, "missing_lines": [], "excluded_lines": []}, "_display_label": {"executed_lines": [164, 165, 166, 167, 168], "summary": {"covered_lines": 5, "num_statements": 5, "percent_covered": 100.0, "percent_covered_display": "100.0", "missing_lines": 0, "excluded_lines": 0}, "missing_lines": [], "excluded_lines": []}, "_unique_id": {"executed_lines": [172, 173, 174, 175, 176, 177, 178], "summary": {"covered_lines": 7, "num_statements": 7, "percent_covered": 100.0, "percent_covered_display": "100.0", "missing_lines": 0, "excluded_lines": 0}, "missing_lines": [], "excluded_lines": []}, "_escape_label": {"executed_lines": [182], "summary": {"covered_lines": 1, "num_statements": 1, "percent_covered": 100.0, "percent_covered_display": "100.0", "missing_lines": 0, "excluded_lines": 0}, "missing_lines": [], "excluded_lines": []}, "": {"executed_lines": [1, 3, 5, 6, 7, 9, 10, 12, 15, 18, 19, 20, 21, 22, 25, 26, 27, 28, 29, 32, 76, 115, 163, 171, 181], "summary": {"covered_lines": 23, "num_statements": 23, "percent_covered": 100.0, "percent_covered_display": "100.0", "missing_lines": 0, "excluded_lines": 2}, "missing_lines": [], "excluded_lines": [12, 13]}}, "classes": {"_VisualNode": {"executed_lines": [], "summary": {"covered_lines": 0, "num_statements": 0, "percent_covered": 100.0, "percent_covered_display": "100.0", "missing_lines": 0, "excluded_lines": 0}, "missing_lines": [], "excluded_lines": []}, "_VisualEdge": {"executed_lines": [], "summary": {"covered_lines": 0, "num_statements": 0, "percent_covered": 100.0, "percent_covered_display": "100.0", "missing_lines": 0, "excluded_lines": 0}, "missing_lines": [], "excluded_lines": []}, "": {"executed_lines": [1, 3, 5, 6, 7, 9, 10, 12, 15, 18, 19, 20, 21, 22, 25, 26, 27, 28, 29, 32, 43, 45, 46, 51, 53, 54, 55, 56, 57, 59, 60, 61, 62, 64, 65, 66, 67, 69, 70, 71, 73, 76, 87, 89, 90, 92, 93, 94, 95, 96, 97, 98, 99, 100, 101, 102, 104, 105, 106, 107, 109, 111, 112, 115, 116, 117, 118, 119, 121, 122, 123, 124, 125, 126, 127, 128, 129, 130, 131, 132, 133, 134, 135, 137, 138, 139, 140, 142, 143, 144, 145, 146, 147, 148, 149, 150, 152, 153, 155, 156, 157, 160, 163, 164, 165, 166, 167, 168, 171, 172, 173, 174, 175, 176, 177, 178, 181, 182], "summary": {"covered_lines": 116, "num_statements": 118, "percent_covered": 98.30508474576271, "percent_covered_display": "98.3", "missing_lines": 2, "excluded_lines": 2}, "missing_lines": [141, 158], "excluded_lines": [12, 13]}}}}, "totals": {"covered_lines": 12906, "num_statements": 15777, "percent_covered": 81.80262407301768, "percent_covered_display": "81.8", "missing_lines": 2871, "excluded_lines": 198}}